[ 2020-09-29T11:34:08+08:00 ] 114.225.184.8 /
INFO: [ app_init ] --START--
INFO: Run Behavior\BuildLiteBehavior [ RunTime:0.000009s ]
INFO: [ app_init ] --END-- [ RunTime:0.000200s ]
INFO: [ app_begin ] --START--
INFO: Run Behavior\ReadHtmlCacheBehavior [ RunTime:0.000251s ]
INFO: [ app_begin ] --END-- [ RunTime:0.000282s ]
INFO: [ view_parse ] --START--
INFO: [ template_filter ] --START--
INFO: Run Behavior\ContentReplaceBehavior [ RunTime:0.000171s ]
INFO: [ template_filter ] --END-- [ RunTime:0.000201s ]
SQL: SHOW COLUMNS FROM `gd_product` [ RunTime:0.0020s ]
SQL: SHOW COLUMNS FROM `gd_category` [ RunTime:0.0010s ]
SQL: SELECT product.id AS id,product.title AS title,product.color AS color,product.keywords AS keywords,product.litpic AS litpic,product.description AS description,product.publish_time AS publish_time,product.update_time AS update_time,product.price AS price,product.market_price AS market_price,product.brand AS brand,product.units AS units,product.specification AS specification,product.click AS click,product.cid AS cid,product.point AS point,product.comment_flag AS comment_flag,product.flag AS flag,product.jump_url AS jump_url,product.delete_status AS delete_status,product.audit_status AS audit_status,product.user_id AS user_id,product.aid AS aid,category.name AS cate_name,category.ename AS ename,category.model_id AS model_id,category.status AS cate_status FROM gd_product product LEFT JOIN gd_category category ON product.cid = category.id WHERE product.delete_status = 0 AND product.cid IN (13) AND product.audit_status = 1 AND category.status < 2 ORDER BY product.point DESC,product.id DESC LIMIT 10   [ RunTime:0.0011s ]
SQL: SHOW COLUMNS FROM `gd_picture` [ RunTime:0.0010s ]
SQL: SELECT COUNT(*) AS tp_count FROM gd_picture picture LEFT JOIN gd_category category ON picture.cid = category.id WHERE picture.delete_status = 0 AND picture.cid IN (15) AND picture.audit_status = 1 AND category.status < 2 LIMIT 1   [ RunTime:0.0005s ]
SQL: SELECT picture.id AS id,picture.title AS title,picture.color AS color,picture.keywords AS keywords,picture.litpic AS litpic,picture.description AS description,picture.publish_time AS publish_time,picture.update_time AS update_time,picture.copyfrom AS copyfrom,picture.template AS template,picture.click AS click,picture.cid AS cid,picture.point AS point,picture.comment_flag AS comment_flag,picture.flag AS flag,picture.jump_url AS jump_url,picture.delete_status AS delete_status,picture.audit_status AS audit_status,picture.user_id AS user_id,picture.aid AS aid,category.name AS cate_name,category.ename AS ename,category.model_id AS model_id,category.status AS cate_status FROM gd_picture picture LEFT JOIN gd_category category ON picture.cid = category.id WHERE picture.delete_status = 0 AND picture.cid IN (15) AND picture.audit_status = 1 AND category.status < 2 ORDER BY picture.publish_time DESC LIMIT 0,3   [ RunTime:0.0003s ]
SQL: SELECT COUNT(*) AS tp_count FROM gd_picture picture LEFT JOIN gd_category category ON picture.cid = category.id WHERE picture.delete_status = 0 AND picture.cid IN (15) AND picture.audit_status = 1 AND category.status < 2 LIMIT 1   [ RunTime:0.0002s ]
SQL: SELECT picture.id AS id,picture.title AS title,picture.color AS color,picture.keywords AS keywords,picture.litpic AS litpic,picture.description AS description,picture.publish_time AS publish_time,picture.update_time AS update_time,picture.copyfrom AS copyfrom,picture.template AS template,picture.click AS click,picture.cid AS cid,picture.point AS point,picture.comment_flag AS comment_flag,picture.flag AS flag,picture.jump_url AS jump_url,picture.delete_status AS delete_status,picture.audit_status AS audit_status,picture.user_id AS user_id,picture.aid AS aid,category.name AS cate_name,category.ename AS ename,category.model_id AS model_id,category.status AS cate_status FROM gd_picture picture LEFT JOIN gd_category category ON picture.cid = category.id WHERE picture.delete_status = 0 AND picture.cid IN (15) AND picture.audit_status = 1 AND category.status < 2 ORDER BY picture.publish_time ASC LIMIT 0,3   [ RunTime:0.0002s ]
SQL: SELECT picture.id AS id,picture.title AS title,picture.color AS color,picture.keywords AS keywords,picture.litpic AS litpic,picture.description AS description,picture.publish_time AS publish_time,picture.update_time AS update_time,picture.copyfrom AS copyfrom,picture.template AS template,picture.click AS click,picture.cid AS cid,picture.point AS point,picture.comment_flag AS comment_flag,picture.flag AS flag,picture.jump_url AS jump_url,picture.delete_status AS delete_status,picture.audit_status AS audit_status,picture.user_id AS user_id,picture.aid AS aid,category.name AS cate_name,category.ename AS ename,category.model_id AS model_id,category.status AS cate_status FROM gd_picture picture LEFT JOIN gd_category category ON picture.cid = category.id WHERE picture.delete_status = 0 AND picture.cid IN (15) AND picture.audit_status = 1 AND category.status < 2 ORDER BY picture.point DESC,picture.id DESC LIMIT 10   [ RunTime:0.0002s ]
NOTIC: [8] Undefined variable: cid /www/wwwroot/gongdeyuan.com.cn/App/Runtime/Cache/Home/2e4beb93ad522d2e6e616c2879334b0f.php 第 291 行.
SQL: SHOW COLUMNS FROM `gd_article` [ RunTime:0.0008s ]
SQL: SELECT COUNT(*) AS tp_count FROM gd_article article LEFT JOIN gd_category category ON article.cid = category.id WHERE article.delete_status = 0 AND article.audit_status = 1 AND category.status < 2 LIMIT 1   [ RunTime:0.0006s ]
SQL: SELECT article.id AS id,article.title AS title,article.short_title AS short_title,article.color AS color,article.copyfrom AS copyfrom,article.author AS author,article.keywords AS keywords,article.litpic AS litpic,article.description AS description,article.publish_time AS publish_time,article.update_time AS update_time,article.click AS click,article.cid AS cid,article.point AS point,article.comment_flag AS comment_flag,article.flag AS flag,article.jump_url AS jump_url,article.delete_status AS delete_status,article.audit_status AS audit_status,article.user_id AS user_id,article.aid AS aid,category.name AS cate_name,category.ename AS ename,category.model_id AS model_id,category.status AS cate_status FROM gd_article article LEFT JOIN gd_category category ON article.cid = category.id WHERE article.delete_status = 0 AND article.audit_status = 1 AND category.status < 2 ORDER BY article.point DESC,article.id DESC LIMIT 0,3   [ RunTime:0.0002s ]
SQL: SHOW COLUMNS FROM `gd_link` [ RunTime:0.0008s ]
SQL: SELECT * FROM `gd_link` WHERE `id` > 0 ORDER BY sort ASC LIMIT 10   [ RunTime:0.0001s ]
INFO: Run Behavior\ParseTemplateBehavior [ RunTime:0.035793s ]
INFO: [ view_parse ] --END-- [ RunTime:0.035815s ]
INFO: [ view_filter ] --START--
INFO: Run Behavior\WriteHtmlCacheBehavior [ RunTime:0.000145s ]
INFO: [ view_filter ] --END-- [ RunTime:0.000161s ]
INFO: [ app_end ] --START--
INFO: Run Behavior\ShowPageTraceBehavior [ RunTime:0.000576s ]
INFO: [ app_end ] --END-- [ RunTime:0.000595s ]

[ 2020-09-29T11:34:16+08:00 ] 114.225.184.8 /index.php?s=/List/index/cid/10.html
INFO: [ app_init ] --START--
INFO: Run Behavior\BuildLiteBehavior [ RunTime:0.000009s ]
INFO: [ app_init ] --END-- [ RunTime:0.000206s ]
INFO: [ app_begin ] --START--
INFO: Run Behavior\ReadHtmlCacheBehavior [ RunTime:0.000256s ]
INFO: [ app_begin ] --END-- [ RunTime:0.000281s ]
SQL: SHOW COLUMNS FROM `gd_category_access` [ RunTime:0.0011s ]
SQL: SELECT `role_id` FROM `gd_category_access` WHERE `cat_id` = 10 AND `flag` = 0 AND `action` = 'visit'  [ RunTime:0.0001s ]
SQL: SHOW COLUMNS FROM `gd_category` [ RunTime:0.0004s ]
SQL: SELECT `content` FROM `gd_category` WHERE `id` = 10 LIMIT 1   [ RunTime:0.0001s ]
INFO: [ view_parse ] --START--
INFO: [ template_filter ] --START--
INFO: Run Behavior\ContentReplaceBehavior [ RunTime:0.000061s ]
INFO: [ template_filter ] --END-- [ RunTime:0.000086s ]
SQL: SHOW COLUMNS FROM `gd_link` [ RunTime:0.0004s ]
SQL: SELECT * FROM `gd_link` WHERE `id` > 0 ORDER BY sort ASC LIMIT 10   [ RunTime:0.0001s ]
INFO: Run Behavior\ParseTemplateBehavior [ RunTime:0.008635s ]
INFO: [ view_parse ] --END-- [ RunTime:0.008658s ]
INFO: [ view_filter ] --START--
INFO: Run Behavior\WriteHtmlCacheBehavior [ RunTime:0.000130s ]
INFO: [ view_filter ] --END-- [ RunTime:0.000145s ]
INFO: [ app_end ] --START--
INFO: Run Behavior\ShowPageTraceBehavior [ RunTime:0.000275s ]
INFO: [ app_end ] --END-- [ RunTime:0.000293s ]

[ 2020-09-29T11:34:24+08:00 ] 114.225.184.8 /index.php?s=/List/index/cid/2.html
INFO: [ app_init ] --START--
INFO: Run Behavior\BuildLiteBehavior [ RunTime:0.000010s ]
INFO: [ app_init ] --END-- [ RunTime:0.000191s ]
INFO: [ app_begin ] --START--
INFO: Run Behavior\ReadHtmlCacheBehavior [ RunTime:0.000266s ]
INFO: [ app_begin ] --END-- [ RunTime:0.000293s ]
SQL: SHOW COLUMNS FROM `gd_category_access` [ RunTime:0.0005s ]
SQL: SELECT `role_id` FROM `gd_category_access` WHERE `cat_id` = 2 AND `flag` = 0 AND `action` = 'visit'  [ RunTime:0.0001s ]
INFO: [ view_parse ] --START--
INFO: [ template_filter ] --START--
INFO: Run Behavior\ContentReplaceBehavior [ RunTime:0.000081s ]
INFO: [ template_filter ] --END-- [ RunTime:0.000107s ]
SQL: SHOW COLUMNS FROM `gd_article` [ RunTime:0.0006s ]
SQL: SHOW COLUMNS FROM `gd_category` [ RunTime:0.0003s ]
SQL: SELECT COUNT(*) AS tp_count FROM gd_article article LEFT JOIN gd_category category ON article.cid = category.id WHERE article.delete_status = 0 AND article.cid IN (2,'4') AND article.audit_status = 1 AND category.status < 2 LIMIT 1   [ RunTime:0.0002s ]
SQL: SELECT article.id AS id,article.title AS title,article.short_title AS short_title,article.color AS color,article.copyfrom AS copyfrom,article.author AS author,article.keywords AS keywords,article.litpic AS litpic,article.description AS description,article.publish_time AS publish_time,article.update_time AS update_time,article.click AS click,article.cid AS cid,article.point AS point,article.comment_flag AS comment_flag,article.flag AS flag,article.jump_url AS jump_url,article.delete_status AS delete_status,article.audit_status AS audit_status,article.user_id AS user_id,article.aid AS aid,category.name AS cate_name,category.ename AS ename,category.model_id AS model_id,category.status AS cate_status FROM gd_article article LEFT JOIN gd_category category ON article.cid = category.id WHERE article.delete_status = 0 AND article.cid IN (2,'4') AND article.audit_status = 1 AND category.status < 2 ORDER BY article.point DESC,article.id DESC LIMIT 0,6   [ RunTime:0.0006s ]
SQL: SHOW COLUMNS FROM `gd_link` [ RunTime:0.0003s ]
SQL: SELECT * FROM `gd_link` WHERE `id` > 0 ORDER BY sort ASC LIMIT 10   [ RunTime:0.0001s ]
INFO: Run Behavior\ParseTemplateBehavior [ RunTime:0.012493s ]
INFO: [ view_parse ] --END-- [ RunTime:0.012513s ]
INFO: [ view_filter ] --START--
INFO: Run Behavior\WriteHtmlCacheBehavior [ RunTime:0.000122s ]
INFO: [ view_filter ] --END-- [ RunTime:0.000136s ]
INFO: [ app_end ] --START--
INFO: Run Behavior\ShowPageTraceBehavior [ RunTime:0.000256s ]
INFO: [ app_end ] --END-- [ RunTime:0.000273s ]

[ 2020-09-29T11:34:25+08:00 ] 114.225.184.8 /index.php?s=/List/index/cid/12.html
INFO: [ app_init ] --START--
INFO: Run Behavior\BuildLiteBehavior [ RunTime:0.000009s ]
INFO: [ app_init ] --END-- [ RunTime:0.000186s ]
INFO: [ app_begin ] --START--
INFO: Run Behavior\ReadHtmlCacheBehavior [ RunTime:0.000246s ]
INFO: [ app_begin ] --END-- [ RunTime:0.000269s ]
SQL: SHOW COLUMNS FROM `gd_category_access` [ RunTime:0.0005s ]
SQL: SELECT `role_id` FROM `gd_category_access` WHERE `cat_id` = 12 AND `flag` = 0 AND `action` = 'visit'  [ RunTime:0.0002s ]
SQL: SHOW COLUMNS FROM `gd_category` [ RunTime:0.0004s ]
SQL: SELECT `content` FROM `gd_category` WHERE `id` = 12 LIMIT 1   [ RunTime:0.0001s ]
INFO: [ view_parse ] --START--
INFO: [ template_filter ] --START--
INFO: Run Behavior\ContentReplaceBehavior [ RunTime:0.000088s ]
INFO: [ template_filter ] --END-- [ RunTime:0.000114s ]
SQL: SHOW COLUMNS FROM `gd_picture` [ RunTime:0.0005s ]
SQL: SHOW COLUMNS FROM `gd_category` [ RunTime:0.0003s ]
SQL: SELECT picture.id AS id,picture.title AS title,picture.color AS color,picture.keywords AS keywords,picture.litpic AS litpic,picture.description AS description,picture.publish_time AS publish_time,picture.update_time AS update_time,picture.copyfrom AS copyfrom,picture.template AS template,picture.click AS click,picture.cid AS cid,picture.point AS point,picture.comment_flag AS comment_flag,picture.flag AS flag,picture.jump_url AS jump_url,picture.delete_status AS delete_status,picture.audit_status AS audit_status,picture.user_id AS user_id,picture.aid AS aid,category.name AS cate_name,category.ename AS ename,category.model_id AS model_id,category.status AS cate_status FROM gd_picture picture LEFT JOIN gd_category category ON picture.cid = category.id WHERE picture.delete_status = 0 AND picture.cid IN (18) AND picture.audit_status = 1 AND category.status < 2 ORDER BY picture.point DESC,picture.id DESC LIMIT 10   [ RunTime:0.0003s ]
SQL: SHOW COLUMNS FROM `gd_link` [ RunTime:0.0003s ]
SQL: SELECT * FROM `gd_link` WHERE `id` > 0 ORDER BY sort ASC LIMIT 10   [ RunTime:0.0001s ]
INFO: Run Behavior\ParseTemplateBehavior [ RunTime:0.012702s ]
INFO: [ view_parse ] --END-- [ RunTime:0.012720s ]
INFO: [ view_filter ] --START--
INFO: Run Behavior\WriteHtmlCacheBehavior [ RunTime:0.000121s ]
INFO: [ view_filter ] --END-- [ RunTime:0.000137s ]
INFO: [ app_end ] --START--
INFO: Run Behavior\ShowPageTraceBehavior [ RunTime:0.000266s ]
INFO: [ app_end ] --END-- [ RunTime:0.000283s ]

[ 2020-09-29T11:34:26+08:00 ] 114.225.184.8 /index.php?s=/List/index/cid/12.html
INFO: [ app_init ] --START--
INFO: Run Behavior\BuildLiteBehavior [ RunTime:0.000008s ]
INFO: [ app_init ] --END-- [ RunTime:0.000192s ]
INFO: [ app_begin ] --START--
INFO: Run Behavior\ReadHtmlCacheBehavior [ RunTime:0.000257s ]
INFO: [ app_begin ] --END-- [ RunTime:0.000284s ]
SQL: SHOW COLUMNS FROM `gd_category_access` [ RunTime:0.0005s ]
SQL: SELECT `role_id` FROM `gd_category_access` WHERE `cat_id` = 12 AND `flag` = 0 AND `action` = 'visit'  [ RunTime:0.0001s ]
SQL: SHOW COLUMNS FROM `gd_category` [ RunTime:0.0004s ]
SQL: SELECT `content` FROM `gd_category` WHERE `id` = 12 LIMIT 1   [ RunTime:0.0001s ]
INFO: [ view_parse ] --START--
INFO: [ template_filter ] --START--
INFO: Run Behavior\ContentReplaceBehavior [ RunTime:0.000089s ]
INFO: [ template_filter ] --END-- [ RunTime:0.000118s ]
SQL: SHOW COLUMNS FROM `gd_picture` [ RunTime:0.0005s ]
SQL: SHOW COLUMNS FROM `gd_category` [ RunTime:0.0003s ]
SQL: SELECT picture.id AS id,picture.title AS title,picture.color AS color,picture.keywords AS keywords,picture.litpic AS litpic,picture.description AS description,picture.publish_time AS publish_time,picture.update_time AS update_time,picture.copyfrom AS copyfrom,picture.template AS template,picture.click AS click,picture.cid AS cid,picture.point AS point,picture.comment_flag AS comment_flag,picture.flag AS flag,picture.jump_url AS jump_url,picture.delete_status AS delete_status,picture.audit_status AS audit_status,picture.user_id AS user_id,picture.aid AS aid,category.name AS cate_name,category.ename AS ename,category.model_id AS model_id,category.status AS cate_status FROM gd_picture picture LEFT JOIN gd_category category ON picture.cid = category.id WHERE picture.delete_status = 0 AND picture.cid IN (18) AND picture.audit_status = 1 AND category.status < 2 ORDER BY picture.point DESC,picture.id DESC LIMIT 10   [ RunTime:0.0003s ]
SQL: SHOW COLUMNS FROM `gd_link` [ RunTime:0.0003s ]
SQL: SELECT * FROM `gd_link` WHERE `id` > 0 ORDER BY sort ASC LIMIT 10   [ RunTime:0.0001s ]
INFO: Run Behavior\ParseTemplateBehavior [ RunTime:0.012460s ]
INFO: [ view_parse ] --END-- [ RunTime:0.012479s ]
INFO: [ view_filter ] --START--
INFO: Run Behavior\WriteHtmlCacheBehavior [ RunTime:0.000126s ]
INFO: [ view_filter ] --END-- [ RunTime:0.000148s ]
INFO: [ app_end ] --START--
INFO: Run Behavior\ShowPageTraceBehavior [ RunTime:0.000257s ]
INFO: [ app_end ] --END-- [ RunTime:0.000275s ]

[ 2020-09-29T11:34:27+08:00 ] 114.225.184.8 /
INFO: [ app_init ] --START--
INFO: Run Behavior\BuildLiteBehavior [ RunTime:0.000009s ]
INFO: [ app_init ] --END-- [ RunTime:0.000187s ]
INFO: [ app_begin ] --START--
INFO: Run Behavior\ReadHtmlCacheBehavior [ RunTime:0.000241s ]
INFO: [ app_begin ] --END-- [ RunTime:0.000265s ]
INFO: [ view_parse ] --START--
INFO: [ template_filter ] --START--
INFO: Run Behavior\ContentReplaceBehavior [ RunTime:0.000164s ]
INFO: [ template_filter ] --END-- [ RunTime:0.000192s ]
SQL: SHOW COLUMNS FROM `gd_product` [ RunTime:0.0006s ]
SQL: SHOW COLUMNS FROM `gd_category` [ RunTime:0.0003s ]
SQL: SELECT product.id AS id,product.title AS title,product.color AS color,product.keywords AS keywords,product.litpic AS litpic,product.description AS description,product.publish_time AS publish_time,product.update_time AS update_time,product.price AS price,product.market_price AS market_price,product.brand AS brand,product.units AS units,product.specification AS specification,product.click AS click,product.cid AS cid,product.point AS point,product.comment_flag AS comment_flag,product.flag AS flag,product.jump_url AS jump_url,product.delete_status AS delete_status,product.audit_status AS audit_status,product.user_id AS user_id,product.aid AS aid,category.name AS cate_name,category.ename AS ename,category.model_id AS model_id,category.status AS cate_status FROM gd_product product LEFT JOIN gd_category category ON product.cid = category.id WHERE product.delete_status = 0 AND product.cid IN (13) AND product.audit_status = 1 AND category.status < 2 ORDER BY product.point DESC,product.id DESC LIMIT 10   [ RunTime:0.0004s ]
SQL: SHOW COLUMNS FROM `gd_picture` [ RunTime:0.0004s ]
SQL: SELECT COUNT(*) AS tp_count FROM gd_picture picture LEFT JOIN gd_category category ON picture.cid = category.id WHERE picture.delete_status = 0 AND picture.cid IN (15) AND picture.audit_status = 1 AND category.status < 2 LIMIT 1   [ RunTime:0.0004s ]
SQL: SELECT picture.id AS id,picture.title AS title,picture.color AS color,picture.keywords AS keywords,picture.litpic AS litpic,picture.description AS description,picture.publish_time AS publish_time,picture.update_time AS update_time,picture.copyfrom AS copyfrom,picture.template AS template,picture.click AS click,picture.cid AS cid,picture.point AS point,picture.comment_flag AS comment_flag,picture.flag AS flag,picture.jump_url AS jump_url,picture.delete_status AS delete_status,picture.audit_status AS audit_status,picture.user_id AS user_id,picture.aid AS aid,category.name AS cate_name,category.ename AS ename,category.model_id AS model_id,category.status AS cate_status FROM gd_picture picture LEFT JOIN gd_category category ON picture.cid = category.id WHERE picture.delete_status = 0 AND picture.cid IN (15) AND picture.audit_status = 1 AND category.status < 2 ORDER BY picture.publish_time DESC LIMIT 0,3   [ RunTime:0.0004s ]
SQL: SELECT COUNT(*) AS tp_count FROM gd_picture picture LEFT JOIN gd_category category ON picture.cid = category.id WHERE picture.delete_status = 0 AND picture.cid IN (15) AND picture.audit_status = 1 AND category.status < 2 LIMIT 1   [ RunTime:0.0010s ]
SQL: SELECT picture.id AS id,picture.title AS title,picture.color AS color,picture.keywords AS keywords,picture.litpic AS litpic,picture.description AS description,picture.publish_time AS publish_time,picture.update_time AS update_time,picture.copyfrom AS copyfrom,picture.template AS template,picture.click AS click,picture.cid AS cid,picture.point AS point,picture.comment_flag AS comment_flag,picture.flag AS flag,picture.jump_url AS jump_url,picture.delete_status AS delete_status,picture.audit_status AS audit_status,picture.user_id AS user_id,picture.aid AS aid,category.name AS cate_name,category.ename AS ename,category.model_id AS model_id,category.status AS cate_status FROM gd_picture picture LEFT JOIN gd_category category ON picture.cid = category.id WHERE picture.delete_status = 0 AND picture.cid IN (15) AND picture.audit_status = 1 AND category.status < 2 ORDER BY picture.publish_time ASC LIMIT 0,3   [ RunTime:0.0003s ]
SQL: SELECT picture.id AS id,picture.title AS title,picture.color AS color,picture.keywords AS keywords,picture.litpic AS litpic,picture.description AS description,picture.publish_time AS publish_time,picture.update_time AS update_time,picture.copyfrom AS copyfrom,picture.template AS template,picture.click AS click,picture.cid AS cid,picture.point AS point,picture.comment_flag AS comment_flag,picture.flag AS flag,picture.jump_url AS jump_url,picture.delete_status AS delete_status,picture.audit_status AS audit_status,picture.user_id AS user_id,picture.aid AS aid,category.name AS cate_name,category.ename AS ename,category.model_id AS model_id,category.status AS cate_status FROM gd_picture picture LEFT JOIN gd_category category ON picture.cid = category.id WHERE picture.delete_status = 0 AND picture.cid IN (15) AND picture.audit_status = 1 AND category.status < 2 ORDER BY picture.point DESC,picture.id DESC LIMIT 10   [ RunTime:0.0003s ]
NOTIC: [8] Undefined variable: cid /www/wwwroot/gongdeyuan.com.cn/App/Runtime/Cache/Home/2e4beb93ad522d2e6e616c2879334b0f.php 第 291 行.
SQL: SHOW COLUMNS FROM `gd_article` [ RunTime:0.0004s ]
SQL: SELECT COUNT(*) AS tp_count FROM gd_article article LEFT JOIN gd_category category ON article.cid = category.id WHERE article.delete_status = 0 AND article.audit_status = 1 AND category.status < 2 LIMIT 1   [ RunTime:0.0002s ]
SQL: SELECT article.id AS id,article.title AS title,article.short_title AS short_title,article.color AS color,article.copyfrom AS copyfrom,article.author AS author,article.keywords AS keywords,article.litpic AS litpic,article.description AS description,article.publish_time AS publish_time,article.update_time AS update_time,article.click AS click,article.cid AS cid,article.point AS point,article.comment_flag AS comment_flag,article.flag AS flag,article.jump_url AS jump_url,article.delete_status AS delete_status,article.audit_status AS audit_status,article.user_id AS user_id,article.aid AS aid,category.name AS cate_name,category.ename AS ename,category.model_id AS model_id,category.status AS cate_status FROM gd_article article LEFT JOIN gd_category category ON article.cid = category.id WHERE article.delete_status = 0 AND article.audit_status = 1 AND category.status < 2 ORDER BY article.point DESC,article.id DESC LIMIT 0,3   [ RunTime:0.0002s ]
SQL: SHOW COLUMNS FROM `gd_link` [ RunTime:0.0004s ]
SQL: SELECT * FROM `gd_link` WHERE `id` > 0 ORDER BY sort ASC LIMIT 10   [ RunTime:0.0001s ]
INFO: Run Behavior\ParseTemplateBehavior [ RunTime:0.028407s ]
INFO: [ view_parse ] --END-- [ RunTime:0.028430s ]
INFO: [ view_filter ] --START--
INFO: Run Behavior\WriteHtmlCacheBehavior [ RunTime:0.000140s ]
INFO: [ view_filter ] --END-- [ RunTime:0.000158s ]
INFO: [ app_end ] --START--
INFO: Run Behavior\ShowPageTraceBehavior [ RunTime:0.000280s ]
INFO: [ app_end ] --END-- [ RunTime:0.000308s ]

[ 2020-09-29T11:34:29+08:00 ] 114.225.184.8 /index.php?s=/List/index/cid/12.html
INFO: [ app_init ] --START--
INFO: Run Behavior\BuildLiteBehavior [ RunTime:0.000008s ]
INFO: [ app_init ] --END-- [ RunTime:0.000193s ]
INFO: [ app_begin ] --START--
INFO: Run Behavior\ReadHtmlCacheBehavior [ RunTime:0.000244s ]
INFO: [ app_begin ] --END-- [ RunTime:0.000268s ]
SQL: SHOW COLUMNS FROM `gd_category_access` [ RunTime:0.0005s ]
SQL: SELECT `role_id` FROM `gd_category_access` WHERE `cat_id` = 12 AND `flag` = 0 AND `action` = 'visit'  [ RunTime:0.0001s ]
SQL: SHOW COLUMNS FROM `gd_category` [ RunTime:0.0004s ]
SQL: SELECT `content` FROM `gd_category` WHERE `id` = 12 LIMIT 1   [ RunTime:0.0001s ]
INFO: [ view_parse ] --START--
INFO: [ template_filter ] --START--
INFO: Run Behavior\ContentReplaceBehavior [ RunTime:0.000100s ]
INFO: [ template_filter ] --END-- [ RunTime:0.000129s ]
SQL: SHOW COLUMNS FROM `gd_picture` [ RunTime:0.0005s ]
SQL: SHOW COLUMNS FROM `gd_category` [ RunTime:0.0003s ]
SQL: SELECT picture.id AS id,picture.title AS title,picture.color AS color,picture.keywords AS keywords,picture.litpic AS litpic,picture.description AS description,picture.publish_time AS publish_time,picture.update_time AS update_time,picture.copyfrom AS copyfrom,picture.template AS template,picture.click AS click,picture.cid AS cid,picture.point AS point,picture.comment_flag AS comment_flag,picture.flag AS flag,picture.jump_url AS jump_url,picture.delete_status AS delete_status,picture.audit_status AS audit_status,picture.user_id AS user_id,picture.aid AS aid,category.name AS cate_name,category.ename AS ename,category.model_id AS model_id,category.status AS cate_status FROM gd_picture picture LEFT JOIN gd_category category ON picture.cid = category.id WHERE picture.delete_status = 0 AND picture.cid IN (18) AND picture.audit_status = 1 AND category.status < 2 ORDER BY picture.point DESC,picture.id DESC LIMIT 10   [ RunTime:0.0003s ]
SQL: SHOW COLUMNS FROM `gd_link` [ RunTime:0.0003s ]
SQL: SELECT * FROM `gd_link` WHERE `id` > 0 ORDER BY sort ASC LIMIT 10   [ RunTime:0.0001s ]
INFO: Run Behavior\ParseTemplateBehavior [ RunTime:0.012644s ]
INFO: [ view_parse ] --END-- [ RunTime:0.012663s ]
INFO: [ view_filter ] --START--
INFO: Run Behavior\WriteHtmlCacheBehavior [ RunTime:0.000126s ]
INFO: [ view_filter ] --END-- [ RunTime:0.000141s ]
INFO: [ app_end ] --START--
INFO: Run Behavior\ShowPageTraceBehavior [ RunTime:0.000273s ]
INFO: [ app_end ] --END-- [ RunTime:0.000291s ]

[ 2020-09-29T11:34:30+08:00 ] 114.225.184.8 /
INFO: [ app_init ] --START--
INFO: Run Behavior\BuildLiteBehavior [ RunTime:0.000008s ]
INFO: [ app_init ] --END-- [ RunTime:0.000176s ]
INFO: [ app_begin ] --START--
INFO: Run Behavior\ReadHtmlCacheBehavior [ RunTime:0.000256s ]
INFO: [ app_begin ] --END-- [ RunTime:0.000281s ]
INFO: [ view_parse ] --START--
INFO: [ template_filter ] --START--
INFO: Run Behavior\ContentReplaceBehavior [ RunTime:0.000161s ]
INFO: [ template_filter ] --END-- [ RunTime:0.000189s ]
SQL: SHOW COLUMNS FROM `gd_product` [ RunTime:0.0006s ]
SQL: SHOW COLUMNS FROM `gd_category` [ RunTime:0.0005s ]
SQL: SELECT product.id AS id,product.title AS title,product.color AS color,product.keywords AS keywords,product.litpic AS litpic,product.description AS description,product.publish_time AS publish_time,product.update_time AS update_time,product.price AS price,product.market_price AS market_price,product.brand AS brand,product.units AS units,product.specification AS specification,product.click AS click,product.cid AS cid,product.point AS point,product.comment_flag AS comment_flag,product.flag AS flag,product.jump_url AS jump_url,product.delete_status AS delete_status,product.audit_status AS audit_status,product.user_id AS user_id,product.aid AS aid,category.name AS cate_name,category.ename AS ename,category.model_id AS model_id,category.status AS cate_status FROM gd_product product LEFT JOIN gd_category category ON product.cid = category.id WHERE product.delete_status = 0 AND product.cid IN (13) AND product.audit_status = 1 AND category.status < 2 ORDER BY product.point DESC,product.id DESC LIMIT 10   [ RunTime:0.0004s ]
SQL: SHOW COLUMNS FROM `gd_picture` [ RunTime:0.0004s ]
SQL: SELECT COUNT(*) AS tp_count FROM gd_picture picture LEFT JOIN gd_category category ON picture.cid = category.id WHERE picture.delete_status = 0 AND picture.cid IN (15) AND picture.audit_status = 1 AND category.status < 2 LIMIT 1   [ RunTime:0.0002s ]
SQL: SELECT picture.id AS id,picture.title AS title,picture.color AS color,picture.keywords AS keywords,picture.litpic AS litpic,picture.description AS description,picture.publish_time AS publish_time,picture.update_time AS update_time,picture.copyfrom AS copyfrom,picture.template AS template,picture.click AS click,picture.cid AS cid,picture.point AS point,picture.comment_flag AS comment_flag,picture.flag AS flag,picture.jump_url AS jump_url,picture.delete_status AS delete_status,picture.audit_status AS audit_status,picture.user_id AS user_id,picture.aid AS aid,category.name AS cate_name,category.ename AS ename,category.model_id AS model_id,category.status AS cate_status FROM gd_picture picture LEFT JOIN gd_category category ON picture.cid = category.id WHERE picture.delete_status = 0 AND picture.cid IN (15) AND picture.audit_status = 1 AND category.status < 2 ORDER BY picture.publish_time DESC LIMIT 0,3   [ RunTime:0.0002s ]
SQL: SELECT COUNT(*) AS tp_count FROM gd_picture picture LEFT JOIN gd_category category ON picture.cid = category.id WHERE picture.delete_status = 0 AND picture.cid IN (15) AND picture.audit_status = 1 AND category.status < 2 LIMIT 1   [ RunTime:0.0001s ]
SQL: SELECT picture.id AS id,picture.title AS title,picture.color AS color,picture.keywords AS keywords,picture.litpic AS litpic,picture.description AS description,picture.publish_time AS publish_time,picture.update_time AS update_time,picture.copyfrom AS copyfrom,picture.template AS template,picture.click AS click,picture.cid AS cid,picture.point AS point,picture.comment_flag AS comment_flag,picture.flag AS flag,picture.jump_url AS jump_url,picture.delete_status AS delete_status,picture.audit_status AS audit_status,picture.user_id AS user_id,picture.aid AS aid,category.name AS cate_name,category.ename AS ename,category.model_id AS model_id,category.status AS cate_status FROM gd_picture picture LEFT JOIN gd_category category ON picture.cid = category.id WHERE picture.delete_status = 0 AND picture.cid IN (15) AND picture.audit_status = 1 AND category.status < 2 ORDER BY picture.publish_time ASC LIMIT 0,3   [ RunTime:0.0002s ]
SQL: SELECT picture.id AS id,picture.title AS title,picture.color AS color,picture.keywords AS keywords,picture.litpic AS litpic,picture.description AS description,picture.publish_time AS publish_time,picture.update_time AS update_time,picture.copyfrom AS copyfrom,picture.template AS template,picture.click AS click,picture.cid AS cid,picture.point AS point,picture.comment_flag AS comment_flag,picture.flag AS flag,picture.jump_url AS jump_url,picture.delete_status AS delete_status,picture.audit_status AS audit_status,picture.user_id AS user_id,picture.aid AS aid,category.name AS cate_name,category.ename AS ename,category.model_id AS model_id,category.status AS cate_status FROM gd_picture picture LEFT JOIN gd_category category ON picture.cid = category.id WHERE picture.delete_status = 0 AND picture.cid IN (15) AND picture.audit_status = 1 AND category.status < 2 ORDER BY picture.point DESC,picture.id DESC LIMIT 10   [ RunTime:0.0002s ]
NOTIC: [8] Undefined variable: cid /www/wwwroot/gongdeyuan.com.cn/App/Runtime/Cache/Home/2e4beb93ad522d2e6e616c2879334b0f.php 第 291 行.
SQL: SHOW COLUMNS FROM `gd_article` [ RunTime:0.0004s ]
SQL: SELECT COUNT(*) AS tp_count FROM gd_article article LEFT JOIN gd_category category ON article.cid = category.id WHERE article.delete_status = 0 AND article.audit_status = 1 AND category.status < 2 LIMIT 1   [ RunTime:0.0001s ]
SQL: SELECT article.id AS id,article.title AS title,article.short_title AS short_title,article.color AS color,article.copyfrom AS copyfrom,article.author AS author,article.keywords AS keywords,article.litpic AS litpic,article.description AS description,article.publish_time AS publish_time,article.update_time AS update_time,article.click AS click,article.cid AS cid,article.point AS point,article.comment_flag AS comment_flag,article.flag AS flag,article.jump_url AS jump_url,article.delete_status AS delete_status,article.audit_status AS audit_status,article.user_id AS user_id,article.aid AS aid,category.name AS cate_name,category.ename AS ename,category.model_id AS model_id,category.status AS cate_status FROM gd_article article LEFT JOIN gd_category category ON article.cid = category.id WHERE article.delete_status = 0 AND article.audit_status = 1 AND category.status < 2 ORDER BY article.point DESC,article.id DESC LIMIT 0,3   [ RunTime:0.0002s ]
SQL: SHOW COLUMNS FROM `gd_link` [ RunTime:0.0003s ]
SQL: SELECT * FROM `gd_link` WHERE `id` > 0 ORDER BY sort ASC LIMIT 10   [ RunTime:0.0001s ]
INFO: Run Behavior\ParseTemplateBehavior [ RunTime:0.025784s ]
INFO: [ view_parse ] --END-- [ RunTime:0.025805s ]
INFO: [ view_filter ] --START--
INFO: Run Behavior\WriteHtmlCacheBehavior [ RunTime:0.000123s ]
INFO: [ view_filter ] --END-- [ RunTime:0.000137s ]
INFO: [ app_end ] --START--
INFO: Run Behavior\ShowPageTraceBehavior [ RunTime:0.000259s ]
INFO: [ app_end ] --END-- [ RunTime:0.000276s ]

[ 2020-09-29T12:51:32+08:00 ] 47.103.21.238 /
INFO: [ app_init ] --START--
INFO: Run Behavior\BuildLiteBehavior [ RunTime:0.000008s ]
INFO: [ app_init ] --END-- [ RunTime:0.000190s ]
INFO: [ app_begin ] --START--
INFO: Run Behavior\ReadHtmlCacheBehavior [ RunTime:0.000248s ]
INFO: [ app_begin ] --END-- [ RunTime:0.000274s ]
INFO: [ view_parse ] --START--
INFO: [ template_filter ] --START--
INFO: Run Behavior\ContentReplaceBehavior [ RunTime:0.000177s ]
INFO: [ template_filter ] --END-- [ RunTime:0.000205s ]
SQL: SHOW COLUMNS FROM `gd_product` [ RunTime:0.0006s ]
SQL: SHOW COLUMNS FROM `gd_category` [ RunTime:0.0004s ]
SQL: SELECT product.id AS id,product.title AS title,product.color AS color,product.keywords AS keywords,product.litpic AS litpic,product.description AS description,product.publish_time AS publish_time,product.update_time AS update_time,product.price AS price,product.market_price AS market_price,product.brand AS brand,product.units AS units,product.specification AS specification,product.click AS click,product.cid AS cid,product.point AS point,product.comment_flag AS comment_flag,product.flag AS flag,product.jump_url AS jump_url,product.delete_status AS delete_status,product.audit_status AS audit_status,product.user_id AS user_id,product.aid AS aid,category.name AS cate_name,category.ename AS ename,category.model_id AS model_id,category.status AS cate_status FROM gd_product product LEFT JOIN gd_category category ON product.cid = category.id WHERE product.delete_status = 0 AND product.cid IN (13) AND product.audit_status = 1 AND category.status < 2 ORDER BY product.point DESC,product.id DESC LIMIT 10   [ RunTime:0.0004s ]
SQL: SHOW COLUMNS FROM `gd_picture` [ RunTime:0.0004s ]
SQL: SELECT COUNT(*) AS tp_count FROM gd_picture picture LEFT JOIN gd_category category ON picture.cid = category.id WHERE picture.delete_status = 0 AND picture.cid IN (15) AND picture.audit_status = 1 AND category.status < 2 LIMIT 1   [ RunTime:0.0002s ]
SQL: SELECT picture.id AS id,picture.title AS title,picture.color AS color,picture.keywords AS keywords,picture.litpic AS litpic,picture.description AS description,picture.publish_time AS publish_time,picture.update_time AS update_time,picture.copyfrom AS copyfrom,picture.template AS template,picture.click AS click,picture.cid AS cid,picture.point AS point,picture.comment_flag AS comment_flag,picture.flag AS flag,picture.jump_url AS jump_url,picture.delete_status AS delete_status,picture.audit_status AS audit_status,picture.user_id AS user_id,picture.aid AS aid,category.name AS cate_name,category.ename AS ename,category.model_id AS model_id,category.status AS cate_status FROM gd_picture picture LEFT JOIN gd_category category ON picture.cid = category.id WHERE picture.delete_status = 0 AND picture.cid IN (15) AND picture.audit_status = 1 AND category.status < 2 ORDER BY picture.publish_time DESC LIMIT 0,3   [ RunTime:0.0003s ]
SQL: SELECT COUNT(*) AS tp_count FROM gd_picture picture LEFT JOIN gd_category category ON picture.cid = category.id WHERE picture.delete_status = 0 AND picture.cid IN (15) AND picture.audit_status = 1 AND category.status < 2 LIMIT 1   [ RunTime:0.0002s ]
SQL: SELECT picture.id AS id,picture.title AS title,picture.color AS color,picture.keywords AS keywords,picture.litpic AS litpic,picture.description AS description,picture.publish_time AS publish_time,picture.update_time AS update_time,picture.copyfrom AS copyfrom,picture.template AS template,picture.click AS click,picture.cid AS cid,picture.point AS point,picture.comment_flag AS comment_flag,picture.flag AS flag,picture.jump_url AS jump_url,picture.delete_status AS delete_status,picture.audit_status AS audit_status,picture.user_id AS user_id,picture.aid AS aid,category.name AS cate_name,category.ename AS ename,category.model_id AS model_id,category.status AS cate_status FROM gd_picture picture LEFT JOIN gd_category category ON picture.cid = category.id WHERE picture.delete_status = 0 AND picture.cid IN (15) AND picture.audit_status = 1 AND category.status < 2 ORDER BY picture.publish_time ASC LIMIT 0,3   [ RunTime:0.0002s ]
SQL: SELECT picture.id AS id,picture.title AS title,picture.color AS color,picture.keywords AS keywords,picture.litpic AS litpic,picture.description AS description,picture.publish_time AS publish_time,picture.update_time AS update_time,picture.copyfrom AS copyfrom,picture.template AS template,picture.click AS click,picture.cid AS cid,picture.point AS point,picture.comment_flag AS comment_flag,picture.flag AS flag,picture.jump_url AS jump_url,picture.delete_status AS delete_status,picture.audit_status AS audit_status,picture.user_id AS user_id,picture.aid AS aid,category.name AS cate_name,category.ename AS ename,category.model_id AS model_id,category.status AS cate_status FROM gd_picture picture LEFT JOIN gd_category category ON picture.cid = category.id WHERE picture.delete_status = 0 AND picture.cid IN (15) AND picture.audit_status = 1 AND category.status < 2 ORDER BY picture.point DESC,picture.id DESC LIMIT 10   [ RunTime:0.0003s ]
NOTIC: [8] Undefined variable: cid /www/wwwroot/gongdeyuan.com.cn/App/Runtime/Cache/Home/2e4beb93ad522d2e6e616c2879334b0f.php 第 291 行.
SQL: SHOW COLUMNS FROM `gd_article` [ RunTime:0.0004s ]
SQL: SELECT COUNT(*) AS tp_count FROM gd_article article LEFT JOIN gd_category category ON article.cid = category.id WHERE article.delete_status = 0 AND article.audit_status = 1 AND category.status < 2 LIMIT 1   [ RunTime:0.0002s ]
SQL: SELECT article.id AS id,article.title AS title,article.short_title AS short_title,article.color AS color,article.copyfrom AS copyfrom,article.author AS author,article.keywords AS keywords,article.litpic AS litpic,article.description AS description,article.publish_time AS publish_time,article.update_time AS update_time,article.click AS click,article.cid AS cid,article.point AS point,article.comment_flag AS comment_flag,article.flag AS flag,article.jump_url AS jump_url,article.delete_status AS delete_status,article.audit_status AS audit_status,article.user_id AS user_id,article.aid AS aid,category.name AS cate_name,category.ename AS ename,category.model_id AS model_id,category.status AS cate_status FROM gd_article article LEFT JOIN gd_category category ON article.cid = category.id WHERE article.delete_status = 0 AND article.audit_status = 1 AND category.status < 2 ORDER BY article.point DESC,article.id DESC LIMIT 0,3   [ RunTime:0.0002s ]
SQL: SHOW COLUMNS FROM `gd_link` [ RunTime:0.0004s ]
SQL: SELECT * FROM `gd_link` WHERE `id` > 0 ORDER BY sort ASC LIMIT 10   [ RunTime:0.0001s ]
INFO: Run Behavior\ParseTemplateBehavior [ RunTime:0.027978s ]
INFO: [ view_parse ] --END-- [ RunTime:0.028006s ]
INFO: [ view_filter ] --START--
INFO: Run Behavior\WriteHtmlCacheBehavior [ RunTime:0.000168s ]
INFO: [ view_filter ] --END-- [ RunTime:0.000192s ]
INFO: [ app_end ] --START--
INFO: Run Behavior\ShowPageTraceBehavior [ RunTime:0.000305s ]
INFO: [ app_end ] --END-- [ RunTime:0.000328s ]

[ 2020-09-29T14:16:53+08:00 ] 49.80.247.44 /index.php?s=/Show/index/cid/4/id/23.html
INFO: [ app_init ] --START--
INFO: Run Behavior\BuildLiteBehavior [ RunTime:0.000008s ]
INFO: [ app_init ] --END-- [ RunTime:0.000180s ]
INFO: [ app_begin ] --START--
INFO: Run Behavior\ReadHtmlCacheBehavior [ RunTime:0.000245s ]
INFO: [ app_begin ] --END-- [ RunTime:0.000269s ]
SQL: SHOW COLUMNS FROM `gd_category_access` [ RunTime:0.0005s ]
SQL: SELECT `role_id` FROM `gd_category_access` WHERE `cat_id` = 4 AND `flag` = 0 AND `action` = 'visit'  [ RunTime:0.0001s ]
SQL: SHOW COLUMNS FROM `gd_article` [ RunTime:0.0004s ]
SQL: SELECT * FROM `gd_article` WHERE `delete_status` = 0 AND `id` = 23 LIMIT 1   [ RunTime:0.0002s ]
INFO: [ view_parse ] --START--
INFO: [ template_filter ] --START--
INFO: Run Behavior\ContentReplaceBehavior [ RunTime:0.000079s ]
INFO: [ template_filter ] --END-- [ RunTime:0.000105s ]
SQL: SHOW COLUMNS FROM `gd_category` [ RunTime:0.0004s ]
SQL: SELECT article.id AS id,article.title AS title,article.short_title AS short_title,article.color AS color,article.copyfrom AS copyfrom,article.author AS author,article.keywords AS keywords,article.litpic AS litpic,article.content AS content,article.description AS description,article.publish_time AS publish_time,article.update_time AS update_time,article.click AS click,article.cid AS cid,article.point AS point,article.comment_flag AS comment_flag,article.flag AS flag,article.jump_url AS jump_url,article.delete_status AS delete_status,article.audit_status AS audit_status,article.user_id AS user_id,article.aid AS aid,category.name AS cate_name,category.ename AS ename,category.model_id AS model_id,category.status AS cate_status FROM gd_article article LEFT JOIN gd_category category ON article.cid = category.id WHERE article.delete_status = 0 AND article.cid = '4' AND article.id < '23' ORDER BY article.id desc LIMIT 1   [ RunTime:0.0003s ]
SQL: SELECT article.id AS id,article.title AS title,article.short_title AS short_title,article.color AS color,article.copyfrom AS copyfrom,article.author AS author,article.keywords AS keywords,article.litpic AS litpic,article.content AS content,article.description AS description,article.publish_time AS publish_time,article.update_time AS update_time,article.click AS click,article.cid AS cid,article.point AS point,article.comment_flag AS comment_flag,article.flag AS flag,article.jump_url AS jump_url,article.delete_status AS delete_status,article.audit_status AS audit_status,article.user_id AS user_id,article.aid AS aid,category.name AS cate_name,category.ename AS ename,category.model_id AS model_id,category.status AS cate_status FROM gd_article article LEFT JOIN gd_category category ON article.cid = category.id WHERE article.delete_status = 0 AND article.cid = '4' AND article.id > '23' ORDER BY article.id ASC LIMIT 1   [ RunTime:0.0002s ]
SQL: SHOW COLUMNS FROM `gd_link` [ RunTime:0.0003s ]
SQL: SELECT * FROM `gd_link` WHERE `id` > 0 ORDER BY sort ASC LIMIT 10   [ RunTime:0.0001s ]
INFO: Run Behavior\ParseTemplateBehavior [ RunTime:0.011039s ]
INFO: [ view_parse ] --END-- [ RunTime:0.011057s ]
INFO: [ view_filter ] --START--
INFO: Run Behavior\WriteHtmlCacheBehavior [ RunTime:0.000122s ]
INFO: [ view_filter ] --END-- [ RunTime:0.000136s ]
INFO: [ app_end ] --START--
INFO: Run Behavior\ShowPageTraceBehavior [ RunTime:0.000275s ]
INFO: [ app_end ] --END-- [ RunTime:0.000297s ]

