[ 2020-09-27T15:49:16+08:00 ] 114.225.184.8 /
INFO: [ app_init ] --START--
INFO: Run Behavior\BuildLiteBehavior [ RunTime:0.000010s ]
INFO: [ app_init ] --END-- [ RunTime:0.000200s ]
INFO: [ app_begin ] --START--
INFO: Run Behavior\ReadHtmlCacheBehavior [ RunTime:0.000743s ]
INFO: [ app_begin ] --END-- [ RunTime:0.000775s ]
INFO: [ view_parse ] --START--
INFO: [ template_filter ] --START--
INFO: Run Behavior\ContentReplaceBehavior [ RunTime:0.000185s ]
INFO: [ template_filter ] --END-- [ RunTime:0.000224s ]
SQL: SHOW COLUMNS FROM `gd_product` [ RunTime:0.0029s ]
SQL: SHOW COLUMNS FROM `gd_category` [ RunTime:0.0009s ]
SQL: SELECT product.id AS id,product.title AS title,product.color AS color,product.keywords AS keywords,product.litpic AS litpic,product.description AS description,product.publish_time AS publish_time,product.update_time AS update_time,product.price AS price,product.market_price AS market_price,product.brand AS brand,product.units AS units,product.specification AS specification,product.click AS click,product.cid AS cid,product.point AS point,product.comment_flag AS comment_flag,product.flag AS flag,product.jump_url AS jump_url,product.delete_status AS delete_status,product.audit_status AS audit_status,product.user_id AS user_id,product.aid AS aid,category.name AS cate_name,category.ename AS ename,category.model_id AS model_id,category.status AS cate_status FROM gd_product product LEFT JOIN gd_category category ON product.cid = category.id WHERE product.delete_status = 0 AND product.cid IN (13) AND product.audit_status = 1 AND category.status < 2 ORDER BY product.point DESC,product.id DESC LIMIT 10   [ RunTime:0.0011s ]
SQL: SHOW COLUMNS FROM `gd_picture` [ RunTime:0.0009s ]
SQL: SELECT COUNT(*) AS tp_count FROM gd_picture picture LEFT JOIN gd_category category ON picture.cid = category.id WHERE picture.delete_status = 0 AND picture.cid IN (15) AND picture.audit_status = 1 AND category.status < 2 LIMIT 1   [ RunTime:0.0006s ]
SQL: SELECT picture.id AS id,picture.title AS title,picture.color AS color,picture.keywords AS keywords,picture.litpic AS litpic,picture.description AS description,picture.publish_time AS publish_time,picture.update_time AS update_time,picture.copyfrom AS copyfrom,picture.template AS template,picture.click AS click,picture.cid AS cid,picture.point AS point,picture.comment_flag AS comment_flag,picture.flag AS flag,picture.jump_url AS jump_url,picture.delete_status AS delete_status,picture.audit_status AS audit_status,picture.user_id AS user_id,picture.aid AS aid,category.name AS cate_name,category.ename AS ename,category.model_id AS model_id,category.status AS cate_status FROM gd_picture picture LEFT JOIN gd_category category ON picture.cid = category.id WHERE picture.delete_status = 0 AND picture.cid IN (15) AND picture.audit_status = 1 AND category.status < 2 ORDER BY picture.publish_time DESC LIMIT 0,3   [ RunTime:0.0003s ]
SQL: SELECT COUNT(*) AS tp_count FROM gd_picture picture LEFT JOIN gd_category category ON picture.cid = category.id WHERE picture.delete_status = 0 AND picture.cid IN (15) AND picture.audit_status = 1 AND category.status < 2 LIMIT 1   [ RunTime:0.0002s ]
SQL: SELECT picture.id AS id,picture.title AS title,picture.color AS color,picture.keywords AS keywords,picture.litpic AS litpic,picture.description AS description,picture.publish_time AS publish_time,picture.update_time AS update_time,picture.copyfrom AS copyfrom,picture.template AS template,picture.click AS click,picture.cid AS cid,picture.point AS point,picture.comment_flag AS comment_flag,picture.flag AS flag,picture.jump_url AS jump_url,picture.delete_status AS delete_status,picture.audit_status AS audit_status,picture.user_id AS user_id,picture.aid AS aid,category.name AS cate_name,category.ename AS ename,category.model_id AS model_id,category.status AS cate_status FROM gd_picture picture LEFT JOIN gd_category category ON picture.cid = category.id WHERE picture.delete_status = 0 AND picture.cid IN (15) AND picture.audit_status = 1 AND category.status < 2 ORDER BY picture.publish_time ASC LIMIT 0,3   [ RunTime:0.0003s ]
SQL: SELECT picture.id AS id,picture.title AS title,picture.color AS color,picture.keywords AS keywords,picture.litpic AS litpic,picture.description AS description,picture.publish_time AS publish_time,picture.update_time AS update_time,picture.copyfrom AS copyfrom,picture.template AS template,picture.click AS click,picture.cid AS cid,picture.point AS point,picture.comment_flag AS comment_flag,picture.flag AS flag,picture.jump_url AS jump_url,picture.delete_status AS delete_status,picture.audit_status AS audit_status,picture.user_id AS user_id,picture.aid AS aid,category.name AS cate_name,category.ename AS ename,category.model_id AS model_id,category.status AS cate_status FROM gd_picture picture LEFT JOIN gd_category category ON picture.cid = category.id WHERE picture.delete_status = 0 AND picture.cid IN (15) AND picture.audit_status = 1 AND category.status < 2 ORDER BY picture.point DESC,picture.id DESC LIMIT 10   [ RunTime:0.0002s ]
NOTIC: [8] Undefined variable: cid /www/wwwroot/gongdeyuan.com.cn/App/Runtime/Cache/Home/2e4beb93ad522d2e6e616c2879334b0f.php 第 291 行.
SQL: SHOW COLUMNS FROM `gd_article` [ RunTime:0.0010s ]
SQL: SELECT COUNT(*) AS tp_count FROM gd_article article LEFT JOIN gd_category category ON article.cid = category.id WHERE article.delete_status = 0 AND article.audit_status = 1 AND category.status < 2 LIMIT 1   [ RunTime:0.0006s ]
SQL: SELECT article.id AS id,article.title AS title,article.short_title AS short_title,article.color AS color,article.copyfrom AS copyfrom,article.author AS author,article.keywords AS keywords,article.litpic AS litpic,article.description AS description,article.publish_time AS publish_time,article.update_time AS update_time,article.click AS click,article.cid AS cid,article.point AS point,article.comment_flag AS comment_flag,article.flag AS flag,article.jump_url AS jump_url,article.delete_status AS delete_status,article.audit_status AS audit_status,article.user_id AS user_id,article.aid AS aid,category.name AS cate_name,category.ename AS ename,category.model_id AS model_id,category.status AS cate_status FROM gd_article article LEFT JOIN gd_category category ON article.cid = category.id WHERE article.delete_status = 0 AND article.audit_status = 1 AND category.status < 2 ORDER BY article.point DESC,article.id DESC LIMIT 0,3   [ RunTime:0.0003s ]
SQL: SHOW COLUMNS FROM `gd_link` [ RunTime:0.0008s ]
SQL: SELECT * FROM `gd_link` WHERE `id` > 0 ORDER BY sort ASC LIMIT 10   [ RunTime:0.0001s ]
INFO: Run Behavior\ParseTemplateBehavior [ RunTime:0.036936s ]
INFO: [ view_parse ] --END-- [ RunTime:0.036964s ]
INFO: [ view_filter ] --START--
INFO: Run Behavior\WriteHtmlCacheBehavior [ RunTime:0.000152s ]
INFO: [ view_filter ] --END-- [ RunTime:0.000178s ]
INFO: [ app_end ] --START--
INFO: Run Behavior\ShowPageTraceBehavior [ RunTime:0.000696s ]
INFO: [ app_end ] --END-- [ RunTime:0.000717s ]

[ 2020-09-27T15:49:26+08:00 ] 42.236.10.125 /
INFO: [ app_init ] --START--
INFO: Run Behavior\BuildLiteBehavior [ RunTime:0.000008s ]
INFO: [ app_init ] --END-- [ RunTime:0.000196s ]
INFO: [ app_begin ] --START--
INFO: Run Behavior\ReadHtmlCacheBehavior [ RunTime:0.000265s ]
INFO: [ app_begin ] --END-- [ RunTime:0.000290s ]
INFO: [ view_parse ] --START--
INFO: [ template_filter ] --START--
INFO: Run Behavior\ContentReplaceBehavior [ RunTime:0.000178s ]
INFO: [ template_filter ] --END-- [ RunTime:0.000205s ]
SQL: SHOW COLUMNS FROM `gd_product` [ RunTime:0.0009s ]
SQL: SHOW COLUMNS FROM `gd_category` [ RunTime:0.0004s ]
SQL: SELECT product.id AS id,product.title AS title,product.color AS color,product.keywords AS keywords,product.litpic AS litpic,product.description AS description,product.publish_time AS publish_time,product.update_time AS update_time,product.price AS price,product.market_price AS market_price,product.brand AS brand,product.units AS units,product.specification AS specification,product.click AS click,product.cid AS cid,product.point AS point,product.comment_flag AS comment_flag,product.flag AS flag,product.jump_url AS jump_url,product.delete_status AS delete_status,product.audit_status AS audit_status,product.user_id AS user_id,product.aid AS aid,category.name AS cate_name,category.ename AS ename,category.model_id AS model_id,category.status AS cate_status FROM gd_product product LEFT JOIN gd_category category ON product.cid = category.id WHERE product.delete_status = 0 AND product.cid IN (13) AND product.audit_status = 1 AND category.status < 2 ORDER BY product.point DESC,product.id DESC LIMIT 10   [ RunTime:0.0004s ]
SQL: SHOW COLUMNS FROM `gd_picture` [ RunTime:0.0004s ]
SQL: SELECT COUNT(*) AS tp_count FROM gd_picture picture LEFT JOIN gd_category category ON picture.cid = category.id WHERE picture.delete_status = 0 AND picture.cid IN (15) AND picture.audit_status = 1 AND category.status < 2 LIMIT 1   [ RunTime:0.0002s ]
SQL: SELECT picture.id AS id,picture.title AS title,picture.color AS color,picture.keywords AS keywords,picture.litpic AS litpic,picture.description AS description,picture.publish_time AS publish_time,picture.update_time AS update_time,picture.copyfrom AS copyfrom,picture.template AS template,picture.click AS click,picture.cid AS cid,picture.point AS point,picture.comment_flag AS comment_flag,picture.flag AS flag,picture.jump_url AS jump_url,picture.delete_status AS delete_status,picture.audit_status AS audit_status,picture.user_id AS user_id,picture.aid AS aid,category.name AS cate_name,category.ename AS ename,category.model_id AS model_id,category.status AS cate_status FROM gd_picture picture LEFT JOIN gd_category category ON picture.cid = category.id WHERE picture.delete_status = 0 AND picture.cid IN (15) AND picture.audit_status = 1 AND category.status < 2 ORDER BY picture.publish_time DESC LIMIT 0,3   [ RunTime:0.0003s ]
SQL: SELECT COUNT(*) AS tp_count FROM gd_picture picture LEFT JOIN gd_category category ON picture.cid = category.id WHERE picture.delete_status = 0 AND picture.cid IN (15) AND picture.audit_status = 1 AND category.status < 2 LIMIT 1   [ RunTime:0.0002s ]
SQL: SELECT picture.id AS id,picture.title AS title,picture.color AS color,picture.keywords AS keywords,picture.litpic AS litpic,picture.description AS description,picture.publish_time AS publish_time,picture.update_time AS update_time,picture.copyfrom AS copyfrom,picture.template AS template,picture.click AS click,picture.cid AS cid,picture.point AS point,picture.comment_flag AS comment_flag,picture.flag AS flag,picture.jump_url AS jump_url,picture.delete_status AS delete_status,picture.audit_status AS audit_status,picture.user_id AS user_id,picture.aid AS aid,category.name AS cate_name,category.ename AS ename,category.model_id AS model_id,category.status AS cate_status FROM gd_picture picture LEFT JOIN gd_category category ON picture.cid = category.id WHERE picture.delete_status = 0 AND picture.cid IN (15) AND picture.audit_status = 1 AND category.status < 2 ORDER BY picture.publish_time ASC LIMIT 0,3   [ RunTime:0.0002s ]
SQL: SELECT picture.id AS id,picture.title AS title,picture.color AS color,picture.keywords AS keywords,picture.litpic AS litpic,picture.description AS description,picture.publish_time AS publish_time,picture.update_time AS update_time,picture.copyfrom AS copyfrom,picture.template AS template,picture.click AS click,picture.cid AS cid,picture.point AS point,picture.comment_flag AS comment_flag,picture.flag AS flag,picture.jump_url AS jump_url,picture.delete_status AS delete_status,picture.audit_status AS audit_status,picture.user_id AS user_id,picture.aid AS aid,category.name AS cate_name,category.ename AS ename,category.model_id AS model_id,category.status AS cate_status FROM gd_picture picture LEFT JOIN gd_category category ON picture.cid = category.id WHERE picture.delete_status = 0 AND picture.cid IN (15) AND picture.audit_status = 1 AND category.status < 2 ORDER BY picture.point DESC,picture.id DESC LIMIT 10   [ RunTime:0.0002s ]
NOTIC: [8] Undefined variable: cid /www/wwwroot/gongdeyuan.com.cn/App/Runtime/Cache/Home/2e4beb93ad522d2e6e616c2879334b0f.php 第 291 行.
SQL: SHOW COLUMNS FROM `gd_article` [ RunTime:0.0004s ]
SQL: SELECT COUNT(*) AS tp_count FROM gd_article article LEFT JOIN gd_category category ON article.cid = category.id WHERE article.delete_status = 0 AND article.audit_status = 1 AND category.status < 2 LIMIT 1   [ RunTime:0.0002s ]
SQL: SELECT article.id AS id,article.title AS title,article.short_title AS short_title,article.color AS color,article.copyfrom AS copyfrom,article.author AS author,article.keywords AS keywords,article.litpic AS litpic,article.description AS description,article.publish_time AS publish_time,article.update_time AS update_time,article.click AS click,article.cid AS cid,article.point AS point,article.comment_flag AS comment_flag,article.flag AS flag,article.jump_url AS jump_url,article.delete_status AS delete_status,article.audit_status AS audit_status,article.user_id AS user_id,article.aid AS aid,category.name AS cate_name,category.ename AS ename,category.model_id AS model_id,category.status AS cate_status FROM gd_article article LEFT JOIN gd_category category ON article.cid = category.id WHERE article.delete_status = 0 AND article.audit_status = 1 AND category.status < 2 ORDER BY article.point DESC,article.id DESC LIMIT 0,3   [ RunTime:0.0002s ]
SQL: SHOW COLUMNS FROM `gd_link` [ RunTime:0.0004s ]
SQL: SELECT * FROM `gd_link` WHERE `id` > 0 ORDER BY sort ASC LIMIT 10   [ RunTime:0.0001s ]
INFO: Run Behavior\ParseTemplateBehavior [ RunTime:0.027055s ]
INFO: [ view_parse ] --END-- [ RunTime:0.027078s ]
INFO: [ view_filter ] --START--
INFO: Run Behavior\WriteHtmlCacheBehavior [ RunTime:0.000136s ]
INFO: [ view_filter ] --END-- [ RunTime:0.000156s ]
INFO: [ app_end ] --START--
INFO: Run Behavior\ShowPageTraceBehavior [ RunTime:0.000279s ]
INFO: [ app_end ] --END-- [ RunTime:0.000306s ]

[ 2020-09-27T21:17:02+08:00 ] 112.21.29.132 /
INFO: [ app_init ] --START--
INFO: Run Behavior\BuildLiteBehavior [ RunTime:0.000009s ]
INFO: [ app_init ] --END-- [ RunTime:0.000491s ]
INFO: [ app_begin ] --START--
INFO: Run Behavior\ReadHtmlCacheBehavior [ RunTime:0.000324s ]
INFO: [ app_begin ] --END-- [ RunTime:0.000361s ]
INFO: [ view_parse ] --START--
INFO: [ template_filter ] --START--
INFO: Run Behavior\ContentReplaceBehavior [ RunTime:0.000160s ]
INFO: [ template_filter ] --END-- [ RunTime:0.000193s ]
SQL: SHOW COLUMNS FROM `gd_product` [ RunTime:0.0008s ]
SQL: SHOW COLUMNS FROM `gd_category` [ RunTime:0.0006s ]
SQL: SELECT product.id AS id,product.title AS title,product.color AS color,product.keywords AS keywords,product.litpic AS litpic,product.description AS description,product.publish_time AS publish_time,product.update_time AS update_time,product.price AS price,product.market_price AS market_price,product.brand AS brand,product.units AS units,product.specification AS specification,product.click AS click,product.cid AS cid,product.point AS point,product.comment_flag AS comment_flag,product.flag AS flag,product.jump_url AS jump_url,product.delete_status AS delete_status,product.audit_status AS audit_status,product.user_id AS user_id,product.aid AS aid,category.name AS cate_name,category.ename AS ename,category.model_id AS model_id,category.status AS cate_status FROM gd_product product LEFT JOIN gd_category category ON product.cid = category.id WHERE product.delete_status = 0 AND product.cid IN (13) AND product.audit_status = 1 AND category.status < 2 ORDER BY product.point DESC,product.id DESC LIMIT 10   [ RunTime:0.0004s ]
SQL: SHOW COLUMNS FROM `gd_picture` [ RunTime:0.0006s ]
SQL: SELECT COUNT(*) AS tp_count FROM gd_picture picture LEFT JOIN gd_category category ON picture.cid = category.id WHERE picture.delete_status = 0 AND picture.cid IN (15) AND picture.audit_status = 1 AND category.status < 2 LIMIT 1   [ RunTime:0.0002s ]
SQL: SELECT picture.id AS id,picture.title AS title,picture.color AS color,picture.keywords AS keywords,picture.litpic AS litpic,picture.description AS description,picture.publish_time AS publish_time,picture.update_time AS update_time,picture.copyfrom AS copyfrom,picture.template AS template,picture.click AS click,picture.cid AS cid,picture.point AS point,picture.comment_flag AS comment_flag,picture.flag AS flag,picture.jump_url AS jump_url,picture.delete_status AS delete_status,picture.audit_status AS audit_status,picture.user_id AS user_id,picture.aid AS aid,category.name AS cate_name,category.ename AS ename,category.model_id AS model_id,category.status AS cate_status FROM gd_picture picture LEFT JOIN gd_category category ON picture.cid = category.id WHERE picture.delete_status = 0 AND picture.cid IN (15) AND picture.audit_status = 1 AND category.status < 2 ORDER BY picture.publish_time DESC LIMIT 0,3   [ RunTime:0.0003s ]
SQL: SELECT COUNT(*) AS tp_count FROM gd_picture picture LEFT JOIN gd_category category ON picture.cid = category.id WHERE picture.delete_status = 0 AND picture.cid IN (15) AND picture.audit_status = 1 AND category.status < 2 LIMIT 1   [ RunTime:0.0002s ]
SQL: SELECT picture.id AS id,picture.title AS title,picture.color AS color,picture.keywords AS keywords,picture.litpic AS litpic,picture.description AS description,picture.publish_time AS publish_time,picture.update_time AS update_time,picture.copyfrom AS copyfrom,picture.template AS template,picture.click AS click,picture.cid AS cid,picture.point AS point,picture.comment_flag AS comment_flag,picture.flag AS flag,picture.jump_url AS jump_url,picture.delete_status AS delete_status,picture.audit_status AS audit_status,picture.user_id AS user_id,picture.aid AS aid,category.name AS cate_name,category.ename AS ename,category.model_id AS model_id,category.status AS cate_status FROM gd_picture picture LEFT JOIN gd_category category ON picture.cid = category.id WHERE picture.delete_status = 0 AND picture.cid IN (15) AND picture.audit_status = 1 AND category.status < 2 ORDER BY picture.publish_time ASC LIMIT 0,3   [ RunTime:0.0002s ]
SQL: SELECT picture.id AS id,picture.title AS title,picture.color AS color,picture.keywords AS keywords,picture.litpic AS litpic,picture.description AS description,picture.publish_time AS publish_time,picture.update_time AS update_time,picture.copyfrom AS copyfrom,picture.template AS template,picture.click AS click,picture.cid AS cid,picture.point AS point,picture.comment_flag AS comment_flag,picture.flag AS flag,picture.jump_url AS jump_url,picture.delete_status AS delete_status,picture.audit_status AS audit_status,picture.user_id AS user_id,picture.aid AS aid,category.name AS cate_name,category.ename AS ename,category.model_id AS model_id,category.status AS cate_status FROM gd_picture picture LEFT JOIN gd_category category ON picture.cid = category.id WHERE picture.delete_status = 0 AND picture.cid IN (15) AND picture.audit_status = 1 AND category.status < 2 ORDER BY picture.point DESC,picture.id DESC LIMIT 10   [ RunTime:0.0002s ]
NOTIC: [8] Undefined variable: cid /www/wwwroot/gongdeyuan.com.cn/App/Runtime/Cache/Home/2e4beb93ad522d2e6e616c2879334b0f.php 第 291 行.
SQL: SHOW COLUMNS FROM `gd_article` [ RunTime:0.0005s ]
SQL: SELECT COUNT(*) AS tp_count FROM gd_article article LEFT JOIN gd_category category ON article.cid = category.id WHERE article.delete_status = 0 AND article.audit_status = 1 AND category.status < 2 LIMIT 1   [ RunTime:0.0002s ]
SQL: SELECT article.id AS id,article.title AS title,article.short_title AS short_title,article.color AS color,article.copyfrom AS copyfrom,article.author AS author,article.keywords AS keywords,article.litpic AS litpic,article.description AS description,article.publish_time AS publish_time,article.update_time AS update_time,article.click AS click,article.cid AS cid,article.point AS point,article.comment_flag AS comment_flag,article.flag AS flag,article.jump_url AS jump_url,article.delete_status AS delete_status,article.audit_status AS audit_status,article.user_id AS user_id,article.aid AS aid,category.name AS cate_name,category.ename AS ename,category.model_id AS model_id,category.status AS cate_status FROM gd_article article LEFT JOIN gd_category category ON article.cid = category.id WHERE article.delete_status = 0 AND article.audit_status = 1 AND category.status < 2 ORDER BY article.point DESC,article.id DESC LIMIT 0,3   [ RunTime:0.0002s ]
SQL: SHOW COLUMNS FROM `gd_link` [ RunTime:0.0005s ]
SQL: SELECT * FROM `gd_link` WHERE `id` > 0 ORDER BY sort ASC LIMIT 10   [ RunTime:0.0001s ]
INFO: Run Behavior\ParseTemplateBehavior [ RunTime:0.035888s ]
INFO: [ view_parse ] --END-- [ RunTime:0.035917s ]
INFO: [ view_filter ] --START--
INFO: Run Behavior\WriteHtmlCacheBehavior [ RunTime:0.000512s ]
INFO: [ view_filter ] --END-- [ RunTime:0.000533s ]
INFO: [ app_end ] --START--
INFO: Run Behavior\ShowPageTraceBehavior [ RunTime:0.000334s ]
INFO: [ app_end ] --END-- [ RunTime:0.000356s ]

[ 2020-09-27T21:17:35+08:00 ] 112.21.29.132 /index.php?s=/Show/index/cid/13/id/15.html
INFO: [ app_init ] --START--
INFO: Run Behavior\BuildLiteBehavior [ RunTime:0.000008s ]
INFO: [ app_init ] --END-- [ RunTime:0.000184s ]
INFO: [ app_begin ] --START--
INFO: Run Behavior\ReadHtmlCacheBehavior [ RunTime:0.000280s ]
INFO: [ app_begin ] --END-- [ RunTime:0.000305s ]
SQL: SHOW COLUMNS FROM `gd_category_access` [ RunTime:0.0019s ]
SQL: SELECT `role_id` FROM `gd_category_access` WHERE `cat_id` = 13 AND `flag` = 0 AND `action` = 'visit'  [ RunTime:0.0002s ]
SQL: SHOW COLUMNS FROM `gd_product` [ RunTime:0.0014s ]
SQL: SELECT * FROM `gd_product` WHERE `delete_status` = 0 AND `id` = 15 LIMIT 1   [ RunTime:0.0002s ]
INFO: [ view_parse ] --START--
INFO: [ template_filter ] --START--
INFO: Run Behavior\ContentReplaceBehavior [ RunTime:0.000062s ]
INFO: [ template_filter ] --END-- [ RunTime:0.000089s ]
SQL: SHOW COLUMNS FROM `gd_category` [ RunTime:0.0013s ]
SQL: SELECT product.id AS id,product.title AS title,product.color AS color,product.keywords AS keywords,product.litpic AS litpic,product.picture_urls AS picture_urls,product.content AS content,product.description AS description,product.publish_time AS publish_time,product.update_time AS update_time,product.price AS price,product.market_price AS market_price,product.brand AS brand,product.units AS units,product.specification AS specification,product.click AS click,product.cid AS cid,product.point AS point,product.comment_flag AS comment_flag,product.flag AS flag,product.jump_url AS jump_url,product.delete_status AS delete_status,product.audit_status AS audit_status,product.user_id AS user_id,product.aid AS aid,category.name AS cate_name,category.ename AS ename,category.model_id AS model_id,category.status AS cate_status FROM gd_product product LEFT JOIN gd_category category ON product.cid = category.id WHERE product.delete_status = 0 AND product.cid = '13' AND product.id < '15' ORDER BY product.id desc LIMIT 1   [ RunTime:0.0004s ]
SQL: SELECT product.id AS id,product.title AS title,product.color AS color,product.keywords AS keywords,product.litpic AS litpic,product.picture_urls AS picture_urls,product.content AS content,product.description AS description,product.publish_time AS publish_time,product.update_time AS update_time,product.price AS price,product.market_price AS market_price,product.brand AS brand,product.units AS units,product.specification AS specification,product.click AS click,product.cid AS cid,product.point AS point,product.comment_flag AS comment_flag,product.flag AS flag,product.jump_url AS jump_url,product.delete_status AS delete_status,product.audit_status AS audit_status,product.user_id AS user_id,product.aid AS aid,category.name AS cate_name,category.ename AS ename,category.model_id AS model_id,category.status AS cate_status FROM gd_product product LEFT JOIN gd_category category ON product.cid = category.id WHERE product.delete_status = 0 AND product.cid = '13' AND product.id > '15' ORDER BY product.id ASC LIMIT 1   [ RunTime:0.0002s ]
SQL: SHOW COLUMNS FROM `gd_link` [ RunTime:0.0010s ]
SQL: SELECT * FROM `gd_link` WHERE `id` > 0 ORDER BY sort ASC LIMIT 10   [ RunTime:0.0001s ]
INFO: Run Behavior\ParseTemplateBehavior [ RunTime:0.013025s ]
INFO: [ view_parse ] --END-- [ RunTime:0.013046s ]
INFO: [ view_filter ] --START--
INFO: Run Behavior\WriteHtmlCacheBehavior [ RunTime:0.000130s ]
INFO: [ view_filter ] --END-- [ RunTime:0.000145s ]
INFO: [ app_end ] --START--
INFO: Run Behavior\ShowPageTraceBehavior [ RunTime:0.000266s ]
INFO: [ app_end ] --END-- [ RunTime:0.000284s ]

[ 2020-09-27T21:17:40+08:00 ] 180.163.220.4 /index.php
INFO: [ app_init ] --START--
INFO: Run Behavior\BuildLiteBehavior [ RunTime:0.000009s ]
INFO: [ app_init ] --END-- [ RunTime:0.000189s ]
INFO: [ app_begin ] --START--
INFO: Run Behavior\ReadHtmlCacheBehavior [ RunTime:0.000254s ]
INFO: [ app_begin ] --END-- [ RunTime:0.000280s ]
INFO: [ view_parse ] --START--
INFO: [ template_filter ] --START--
INFO: Run Behavior\ContentReplaceBehavior [ RunTime:0.000163s ]
INFO: [ template_filter ] --END-- [ RunTime:0.000190s ]
SQL: SHOW COLUMNS FROM `gd_product` [ RunTime:0.0016s ]
SQL: SHOW COLUMNS FROM `gd_category` [ RunTime:0.0011s ]
SQL: SELECT product.id AS id,product.title AS title,product.color AS color,product.keywords AS keywords,product.litpic AS litpic,product.description AS description,product.publish_time AS publish_time,product.update_time AS update_time,product.price AS price,product.market_price AS market_price,product.brand AS brand,product.units AS units,product.specification AS specification,product.click AS click,product.cid AS cid,product.point AS point,product.comment_flag AS comment_flag,product.flag AS flag,product.jump_url AS jump_url,product.delete_status AS delete_status,product.audit_status AS audit_status,product.user_id AS user_id,product.aid AS aid,category.name AS cate_name,category.ename AS ename,category.model_id AS model_id,category.status AS cate_status FROM gd_product product LEFT JOIN gd_category category ON product.cid = category.id WHERE product.delete_status = 0 AND product.cid IN (13) AND product.audit_status = 1 AND category.status < 2 ORDER BY product.point DESC,product.id DESC LIMIT 10   [ RunTime:0.0004s ]
SQL: SHOW COLUMNS FROM `gd_picture` [ RunTime:0.0011s ]
SQL: SELECT COUNT(*) AS tp_count FROM gd_picture picture LEFT JOIN gd_category category ON picture.cid = category.id WHERE picture.delete_status = 0 AND picture.cid IN (15) AND picture.audit_status = 1 AND category.status < 2 LIMIT 1   [ RunTime:0.0003s ]
SQL: SELECT picture.id AS id,picture.title AS title,picture.color AS color,picture.keywords AS keywords,picture.litpic AS litpic,picture.description AS description,picture.publish_time AS publish_time,picture.update_time AS update_time,picture.copyfrom AS copyfrom,picture.template AS template,picture.click AS click,picture.cid AS cid,picture.point AS point,picture.comment_flag AS comment_flag,picture.flag AS flag,picture.jump_url AS jump_url,picture.delete_status AS delete_status,picture.audit_status AS audit_status,picture.user_id AS user_id,picture.aid AS aid,category.name AS cate_name,category.ename AS ename,category.model_id AS model_id,category.status AS cate_status FROM gd_picture picture LEFT JOIN gd_category category ON picture.cid = category.id WHERE picture.delete_status = 0 AND picture.cid IN (15) AND picture.audit_status = 1 AND category.status < 2 ORDER BY picture.publish_time DESC LIMIT 0,3   [ RunTime:0.0003s ]
SQL: SELECT COUNT(*) AS tp_count FROM gd_picture picture LEFT JOIN gd_category category ON picture.cid = category.id WHERE picture.delete_status = 0 AND picture.cid IN (15) AND picture.audit_status = 1 AND category.status < 2 LIMIT 1   [ RunTime:0.0002s ]
SQL: SELECT picture.id AS id,picture.title AS title,picture.color AS color,picture.keywords AS keywords,picture.litpic AS litpic,picture.description AS description,picture.publish_time AS publish_time,picture.update_time AS update_time,picture.copyfrom AS copyfrom,picture.template AS template,picture.click AS click,picture.cid AS cid,picture.point AS point,picture.comment_flag AS comment_flag,picture.flag AS flag,picture.jump_url AS jump_url,picture.delete_status AS delete_status,picture.audit_status AS audit_status,picture.user_id AS user_id,picture.aid AS aid,category.name AS cate_name,category.ename AS ename,category.model_id AS model_id,category.status AS cate_status FROM gd_picture picture LEFT JOIN gd_category category ON picture.cid = category.id WHERE picture.delete_status = 0 AND picture.cid IN (15) AND picture.audit_status = 1 AND category.status < 2 ORDER BY picture.publish_time ASC LIMIT 0,3   [ RunTime:0.0003s ]
SQL: SELECT picture.id AS id,picture.title AS title,picture.color AS color,picture.keywords AS keywords,picture.litpic AS litpic,picture.description AS description,picture.publish_time AS publish_time,picture.update_time AS update_time,picture.copyfrom AS copyfrom,picture.template AS template,picture.click AS click,picture.cid AS cid,picture.point AS point,picture.comment_flag AS comment_flag,picture.flag AS flag,picture.jump_url AS jump_url,picture.delete_status AS delete_status,picture.audit_status AS audit_status,picture.user_id AS user_id,picture.aid AS aid,category.name AS cate_name,category.ename AS ename,category.model_id AS model_id,category.status AS cate_status FROM gd_picture picture LEFT JOIN gd_category category ON picture.cid = category.id WHERE picture.delete_status = 0 AND picture.cid IN (15) AND picture.audit_status = 1 AND category.status < 2 ORDER BY picture.point DESC,picture.id DESC LIMIT 10   [ RunTime:0.0003s ]
NOTIC: [8] Undefined variable: cid /www/wwwroot/gongdeyuan.com.cn/App/Runtime/Cache/Home/2e4beb93ad522d2e6e616c2879334b0f.php 第 291 行.
SQL: SHOW COLUMNS FROM `gd_article` [ RunTime:0.0012s ]
SQL: SELECT COUNT(*) AS tp_count FROM gd_article article LEFT JOIN gd_category category ON article.cid = category.id WHERE article.delete_status = 0 AND article.audit_status = 1 AND category.status < 2 LIMIT 1   [ RunTime:0.0002s ]
SQL: SELECT article.id AS id,article.title AS title,article.short_title AS short_title,article.color AS color,article.copyfrom AS copyfrom,article.author AS author,article.keywords AS keywords,article.litpic AS litpic,article.description AS description,article.publish_time AS publish_time,article.update_time AS update_time,article.click AS click,article.cid AS cid,article.point AS point,article.comment_flag AS comment_flag,article.flag AS flag,article.jump_url AS jump_url,article.delete_status AS delete_status,article.audit_status AS audit_status,article.user_id AS user_id,article.aid AS aid,category.name AS cate_name,category.ename AS ename,category.model_id AS model_id,category.status AS cate_status FROM gd_article article LEFT JOIN gd_category category ON article.cid = category.id WHERE article.delete_status = 0 AND article.audit_status = 1 AND category.status < 2 ORDER BY article.point DESC,article.id DESC LIMIT 0,3   [ RunTime:0.0002s ]
SQL: SHOW COLUMNS FROM `gd_link` [ RunTime:0.0011s ]
SQL: SELECT * FROM `gd_link` WHERE `id` > 0 ORDER BY sort ASC LIMIT 10   [ RunTime:0.0001s ]
INFO: Run Behavior\ParseTemplateBehavior [ RunTime:0.031019s ]
INFO: [ view_parse ] --END-- [ RunTime:0.031042s ]
INFO: [ view_filter ] --START--
INFO: Run Behavior\WriteHtmlCacheBehavior [ RunTime:0.000150s ]
INFO: [ view_filter ] --END-- [ RunTime:0.000166s ]
INFO: [ app_end ] --START--
INFO: Run Behavior\ShowPageTraceBehavior [ RunTime:0.000273s ]
INFO: [ app_end ] --END-- [ RunTime:0.000291s ]

[ 2020-09-27T21:17:48+08:00 ] 112.21.29.132 /index.php?s=/List/index/cid/13.html
INFO: [ app_init ] --START--
INFO: Run Behavior\BuildLiteBehavior [ RunTime:0.000009s ]
INFO: [ app_init ] --END-- [ RunTime:0.000190s ]
INFO: [ app_begin ] --START--
INFO: Run Behavior\ReadHtmlCacheBehavior [ RunTime:0.000251s ]
INFO: [ app_begin ] --END-- [ RunTime:0.000278s ]
SQL: SHOW COLUMNS FROM `gd_category_access` [ RunTime:0.0014s ]
SQL: SELECT `role_id` FROM `gd_category_access` WHERE `cat_id` = 13 AND `flag` = 0 AND `action` = 'visit'  [ RunTime:0.0002s ]
INFO: [ view_parse ] --START--
INFO: [ template_filter ] --START--
INFO: Run Behavior\ContentReplaceBehavior [ RunTime:0.000085s ]
INFO: [ template_filter ] --END-- [ RunTime:0.000114s ]
SQL: SHOW COLUMNS FROM `gd_product` [ RunTime:0.0014s ]
SQL: SHOW COLUMNS FROM `gd_category` [ RunTime:0.0012s ]
SQL: SELECT COUNT(*) AS tp_count FROM gd_product product LEFT JOIN gd_category category ON product.cid = category.id WHERE product.delete_status = 0 AND product.cid IN (13) AND product.audit_status = 1 AND category.status < 2 LIMIT 1   [ RunTime:0.0003s ]
SQL: SELECT product.id AS id,product.title AS title,product.color AS color,product.keywords AS keywords,product.litpic AS litpic,product.description AS description,product.publish_time AS publish_time,product.update_time AS update_time,product.price AS price,product.market_price AS market_price,product.brand AS brand,product.units AS units,product.specification AS specification,product.click AS click,product.cid AS cid,product.point AS point,product.comment_flag AS comment_flag,product.flag AS flag,product.jump_url AS jump_url,product.delete_status AS delete_status,product.audit_status AS audit_status,product.user_id AS user_id,product.aid AS aid,category.name AS cate_name,category.ename AS ename,category.model_id AS model_id,category.status AS cate_status FROM gd_product product LEFT JOIN gd_category category ON product.cid = category.id WHERE product.delete_status = 0 AND product.cid IN (13) AND product.audit_status = 1 AND category.status < 2 ORDER BY product.point DESC,product.id DESC LIMIT 0,6   [ RunTime:0.0004s ]
SQL: SHOW COLUMNS FROM `gd_link` [ RunTime:0.0012s ]
SQL: SELECT * FROM `gd_link` WHERE `id` > 0 ORDER BY sort ASC LIMIT 10   [ RunTime:0.0002s ]
INFO: Run Behavior\ParseTemplateBehavior [ RunTime:0.015798s ]
INFO: [ view_parse ] --END-- [ RunTime:0.015832s ]
INFO: [ view_filter ] --START--
INFO: Run Behavior\WriteHtmlCacheBehavior [ RunTime:0.000136s ]
INFO: [ view_filter ] --END-- [ RunTime:0.000151s ]
INFO: [ app_end ] --START--
INFO: Run Behavior\ShowPageTraceBehavior [ RunTime:0.000304s ]
INFO: [ app_end ] --END-- [ RunTime:0.000329s ]

[ 2020-09-27T21:17:53+08:00 ] 112.21.29.132 /index.php?s=/Show/index/cid/13/id/19.html
INFO: [ app_init ] --START--
INFO: Run Behavior\BuildLiteBehavior [ RunTime:0.000009s ]
INFO: [ app_init ] --END-- [ RunTime:0.000217s ]
INFO: [ app_begin ] --START--
INFO: Run Behavior\ReadHtmlCacheBehavior [ RunTime:0.000253s ]
INFO: [ app_begin ] --END-- [ RunTime:0.000277s ]
SQL: SHOW COLUMNS FROM `gd_category_access` [ RunTime:0.0013s ]
SQL: SELECT `role_id` FROM `gd_category_access` WHERE `cat_id` = 13 AND `flag` = 0 AND `action` = 'visit'  [ RunTime:0.0002s ]
SQL: SHOW COLUMNS FROM `gd_product` [ RunTime:0.0012s ]
SQL: SELECT * FROM `gd_product` WHERE `delete_status` = 0 AND `id` = 19 LIMIT 1   [ RunTime:0.0002s ]
INFO: [ view_parse ] --START--
INFO: [ template_filter ] --START--
INFO: Run Behavior\ContentReplaceBehavior [ RunTime:0.000061s ]
INFO: [ template_filter ] --END-- [ RunTime:0.000087s ]
SQL: SHOW COLUMNS FROM `gd_category` [ RunTime:0.0013s ]
SQL: SELECT product.id AS id,product.title AS title,product.color AS color,product.keywords AS keywords,product.litpic AS litpic,product.picture_urls AS picture_urls,product.content AS content,product.description AS description,product.publish_time AS publish_time,product.update_time AS update_time,product.price AS price,product.market_price AS market_price,product.brand AS brand,product.units AS units,product.specification AS specification,product.click AS click,product.cid AS cid,product.point AS point,product.comment_flag AS comment_flag,product.flag AS flag,product.jump_url AS jump_url,product.delete_status AS delete_status,product.audit_status AS audit_status,product.user_id AS user_id,product.aid AS aid,category.name AS cate_name,category.ename AS ename,category.model_id AS model_id,category.status AS cate_status FROM gd_product product LEFT JOIN gd_category category ON product.cid = category.id WHERE product.delete_status = 0 AND product.cid = '13' AND product.id < '19' ORDER BY product.id desc LIMIT 1   [ RunTime:0.0003s ]
SQL: SELECT product.id AS id,product.title AS title,product.color AS color,product.keywords AS keywords,product.litpic AS litpic,product.picture_urls AS picture_urls,product.content AS content,product.description AS description,product.publish_time AS publish_time,product.update_time AS update_time,product.price AS price,product.market_price AS market_price,product.brand AS brand,product.units AS units,product.specification AS specification,product.click AS click,product.cid AS cid,product.point AS point,product.comment_flag AS comment_flag,product.flag AS flag,product.jump_url AS jump_url,product.delete_status AS delete_status,product.audit_status AS audit_status,product.user_id AS user_id,product.aid AS aid,category.name AS cate_name,category.ename AS ename,category.model_id AS model_id,category.status AS cate_status FROM gd_product product LEFT JOIN gd_category category ON product.cid = category.id WHERE product.delete_status = 0 AND product.cid = '13' AND product.id > '19' ORDER BY product.id ASC LIMIT 1   [ RunTime:0.0002s ]
SQL: SHOW COLUMNS FROM `gd_link` [ RunTime:0.0010s ]
SQL: SELECT * FROM `gd_link` WHERE `id` > 0 ORDER BY sort ASC LIMIT 10   [ RunTime:0.0001s ]
INFO: Run Behavior\ParseTemplateBehavior [ RunTime:0.012505s ]
INFO: [ view_parse ] --END-- [ RunTime:0.012524s ]
INFO: [ view_filter ] --START--
INFO: Run Behavior\WriteHtmlCacheBehavior [ RunTime:0.000133s ]
INFO: [ view_filter ] --END-- [ RunTime:0.000149s ]
INFO: [ app_end ] --START--
INFO: Run Behavior\ShowPageTraceBehavior [ RunTime:0.000306s ]
INFO: [ app_end ] --END-- [ RunTime:0.000326s ]

[ 2020-09-27T21:18:09+08:00 ] 112.21.29.132 /
INFO: [ app_init ] --START--
INFO: Run Behavior\BuildLiteBehavior [ RunTime:0.000009s ]
INFO: [ app_init ] --END-- [ RunTime:0.000232s ]
INFO: [ app_begin ] --START--
INFO: Run Behavior\ReadHtmlCacheBehavior [ RunTime:0.000336s ]
INFO: [ app_begin ] --END-- [ RunTime:0.000367s ]
INFO: [ view_parse ] --START--
INFO: [ template_filter ] --START--
INFO: Run Behavior\ContentReplaceBehavior [ RunTime:0.000184s ]
INFO: [ template_filter ] --END-- [ RunTime:0.000229s ]
SQL: SHOW COLUMNS FROM `gd_product` [ RunTime:0.0008s ]
SQL: SHOW COLUMNS FROM `gd_category` [ RunTime:0.0014s ]
SQL: SELECT product.id AS id,product.title AS title,product.color AS color,product.keywords AS keywords,product.litpic AS litpic,product.description AS description,product.publish_time AS publish_time,product.update_time AS update_time,product.price AS price,product.market_price AS market_price,product.brand AS brand,product.units AS units,product.specification AS specification,product.click AS click,product.cid AS cid,product.point AS point,product.comment_flag AS comment_flag,product.flag AS flag,product.jump_url AS jump_url,product.delete_status AS delete_status,product.audit_status AS audit_status,product.user_id AS user_id,product.aid AS aid,category.name AS cate_name,category.ename AS ename,category.model_id AS model_id,category.status AS cate_status FROM gd_product product LEFT JOIN gd_category category ON product.cid = category.id WHERE product.delete_status = 0 AND product.cid IN (13) AND product.audit_status = 1 AND category.status < 2 ORDER BY product.point DESC,product.id DESC LIMIT 10   [ RunTime:0.0004s ]
SQL: SHOW COLUMNS FROM `gd_picture` [ RunTime:0.0015s ]
SQL: SELECT COUNT(*) AS tp_count FROM gd_picture picture LEFT JOIN gd_category category ON picture.cid = category.id WHERE picture.delete_status = 0 AND picture.cid IN (15) AND picture.audit_status = 1 AND category.status < 2 LIMIT 1   [ RunTime:0.0002s ]
SQL: SELECT picture.id AS id,picture.title AS title,picture.color AS color,picture.keywords AS keywords,picture.litpic AS litpic,picture.description AS description,picture.publish_time AS publish_time,picture.update_time AS update_time,picture.copyfrom AS copyfrom,picture.template AS template,picture.click AS click,picture.cid AS cid,picture.point AS point,picture.comment_flag AS comment_flag,picture.flag AS flag,picture.jump_url AS jump_url,picture.delete_status AS delete_status,picture.audit_status AS audit_status,picture.user_id AS user_id,picture.aid AS aid,category.name AS cate_name,category.ename AS ename,category.model_id AS model_id,category.status AS cate_status FROM gd_picture picture LEFT JOIN gd_category category ON picture.cid = category.id WHERE picture.delete_status = 0 AND picture.cid IN (15) AND picture.audit_status = 1 AND category.status < 2 ORDER BY picture.publish_time DESC LIMIT 0,3   [ RunTime:0.0003s ]
SQL: SELECT COUNT(*) AS tp_count FROM gd_picture picture LEFT JOIN gd_category category ON picture.cid = category.id WHERE picture.delete_status = 0 AND picture.cid IN (15) AND picture.audit_status = 1 AND category.status < 2 LIMIT 1   [ RunTime:0.0002s ]
SQL: SELECT picture.id AS id,picture.title AS title,picture.color AS color,picture.keywords AS keywords,picture.litpic AS litpic,picture.description AS description,picture.publish_time AS publish_time,picture.update_time AS update_time,picture.copyfrom AS copyfrom,picture.template AS template,picture.click AS click,picture.cid AS cid,picture.point AS point,picture.comment_flag AS comment_flag,picture.flag AS flag,picture.jump_url AS jump_url,picture.delete_status AS delete_status,picture.audit_status AS audit_status,picture.user_id AS user_id,picture.aid AS aid,category.name AS cate_name,category.ename AS ename,category.model_id AS model_id,category.status AS cate_status FROM gd_picture picture LEFT JOIN gd_category category ON picture.cid = category.id WHERE picture.delete_status = 0 AND picture.cid IN (15) AND picture.audit_status = 1 AND category.status < 2 ORDER BY picture.publish_time ASC LIMIT 0,3   [ RunTime:0.0003s ]
SQL: SELECT picture.id AS id,picture.title AS title,picture.color AS color,picture.keywords AS keywords,picture.litpic AS litpic,picture.description AS description,picture.publish_time AS publish_time,picture.update_time AS update_time,picture.copyfrom AS copyfrom,picture.template AS template,picture.click AS click,picture.cid AS cid,picture.point AS point,picture.comment_flag AS comment_flag,picture.flag AS flag,picture.jump_url AS jump_url,picture.delete_status AS delete_status,picture.audit_status AS audit_status,picture.user_id AS user_id,picture.aid AS aid,category.name AS cate_name,category.ename AS ename,category.model_id AS model_id,category.status AS cate_status FROM gd_picture picture LEFT JOIN gd_category category ON picture.cid = category.id WHERE picture.delete_status = 0 AND picture.cid IN (15) AND picture.audit_status = 1 AND category.status < 2 ORDER BY picture.point DESC,picture.id DESC LIMIT 10   [ RunTime:0.0002s ]
NOTIC: [8] Undefined variable: cid /www/wwwroot/gongdeyuan.com.cn/App/Runtime/Cache/Home/2e4beb93ad522d2e6e616c2879334b0f.php 第 291 行.
SQL: SHOW COLUMNS FROM `gd_article` [ RunTime:0.0011s ]
SQL: SELECT COUNT(*) AS tp_count FROM gd_article article LEFT JOIN gd_category category ON article.cid = category.id WHERE article.delete_status = 0 AND article.audit_status = 1 AND category.status < 2 LIMIT 1   [ RunTime:0.0002s ]
SQL: SELECT article.id AS id,article.title AS title,article.short_title AS short_title,article.color AS color,article.copyfrom AS copyfrom,article.author AS author,article.keywords AS keywords,article.litpic AS litpic,article.description AS description,article.publish_time AS publish_time,article.update_time AS update_time,article.click AS click,article.cid AS cid,article.point AS point,article.comment_flag AS comment_flag,article.flag AS flag,article.jump_url AS jump_url,article.delete_status AS delete_status,article.audit_status AS audit_status,article.user_id AS user_id,article.aid AS aid,category.name AS cate_name,category.ename AS ename,category.model_id AS model_id,category.status AS cate_status FROM gd_article article LEFT JOIN gd_category category ON article.cid = category.id WHERE article.delete_status = 0 AND article.audit_status = 1 AND category.status < 2 ORDER BY article.point DESC,article.id DESC LIMIT 0,3   [ RunTime:0.0002s ]
SQL: SHOW COLUMNS FROM `gd_link` [ RunTime:0.0010s ]
SQL: SELECT * FROM `gd_link` WHERE `id` > 0 ORDER BY sort ASC LIMIT 10   [ RunTime:0.0001s ]
INFO: Run Behavior\ParseTemplateBehavior [ RunTime:0.043126s ]
INFO: [ view_parse ] --END-- [ RunTime:0.043159s ]
INFO: [ view_filter ] --START--
INFO: Run Behavior\WriteHtmlCacheBehavior [ RunTime:0.000201s ]
INFO: [ view_filter ] --END-- [ RunTime:0.000228s ]
INFO: [ app_end ] --START--
INFO: Run Behavior\ShowPageTraceBehavior [ RunTime:0.000384s ]
INFO: [ app_end ] --END-- [ RunTime:0.000415s ]

[ 2020-09-27T21:18:34+08:00 ] 112.21.29.132 /index.php?s=/Show/index/cid/4/id/23.html
INFO: [ app_init ] --START--
INFO: Run Behavior\BuildLiteBehavior [ RunTime:0.000010s ]
INFO: [ app_init ] --END-- [ RunTime:0.000239s ]
INFO: [ app_begin ] --START--
INFO: Run Behavior\ReadHtmlCacheBehavior [ RunTime:0.000265s ]
INFO: [ app_begin ] --END-- [ RunTime:0.000298s ]
SQL: SHOW COLUMNS FROM `gd_category_access` [ RunTime:0.0005s ]
SQL: SELECT `role_id` FROM `gd_category_access` WHERE `cat_id` = 4 AND `flag` = 0 AND `action` = 'visit'  [ RunTime:0.0001s ]
SQL: SHOW COLUMNS FROM `gd_article` [ RunTime:0.0012s ]
SQL: SELECT * FROM `gd_article` WHERE `delete_status` = 0 AND `id` = 23 LIMIT 1   [ RunTime:0.0002s ]
INFO: [ view_parse ] --START--
INFO: [ template_filter ] --START--
INFO: Run Behavior\ContentReplaceBehavior [ RunTime:0.000064s ]
INFO: [ template_filter ] --END-- [ RunTime:0.000090s ]
SQL: SHOW COLUMNS FROM `gd_category` [ RunTime:0.0005s ]
SQL: SELECT article.id AS id,article.title AS title,article.short_title AS short_title,article.color AS color,article.copyfrom AS copyfrom,article.author AS author,article.keywords AS keywords,article.litpic AS litpic,article.content AS content,article.description AS description,article.publish_time AS publish_time,article.update_time AS update_time,article.click AS click,article.cid AS cid,article.point AS point,article.comment_flag AS comment_flag,article.flag AS flag,article.jump_url AS jump_url,article.delete_status AS delete_status,article.audit_status AS audit_status,article.user_id AS user_id,article.aid AS aid,category.name AS cate_name,category.ename AS ename,category.model_id AS model_id,category.status AS cate_status FROM gd_article article LEFT JOIN gd_category category ON article.cid = category.id WHERE article.delete_status = 0 AND article.cid = '4' AND article.id < '23' ORDER BY article.id desc LIMIT 1   [ RunTime:0.0003s ]
SQL: SELECT article.id AS id,article.title AS title,article.short_title AS short_title,article.color AS color,article.copyfrom AS copyfrom,article.author AS author,article.keywords AS keywords,article.litpic AS litpic,article.content AS content,article.description AS description,article.publish_time AS publish_time,article.update_time AS update_time,article.click AS click,article.cid AS cid,article.point AS point,article.comment_flag AS comment_flag,article.flag AS flag,article.jump_url AS jump_url,article.delete_status AS delete_status,article.audit_status AS audit_status,article.user_id AS user_id,article.aid AS aid,category.name AS cate_name,category.ename AS ename,category.model_id AS model_id,category.status AS cate_status FROM gd_article article LEFT JOIN gd_category category ON article.cid = category.id WHERE article.delete_status = 0 AND article.cid = '4' AND article.id > '23' ORDER BY article.id ASC LIMIT 1   [ RunTime:0.0003s ]
SQL: SHOW COLUMNS FROM `gd_link` [ RunTime:0.0004s ]
SQL: SELECT * FROM `gd_link` WHERE `id` > 0 ORDER BY sort ASC LIMIT 10   [ RunTime:0.0001s ]
INFO: Run Behavior\ParseTemplateBehavior [ RunTime:0.011923s ]
INFO: [ view_parse ] --END-- [ RunTime:0.011947s ]
INFO: [ view_filter ] --START--
INFO: Run Behavior\WriteHtmlCacheBehavior [ RunTime:0.000128s ]
INFO: [ view_filter ] --END-- [ RunTime:0.000142s ]
INFO: [ app_end ] --START--
INFO: Run Behavior\ShowPageTraceBehavior [ RunTime:0.000274s ]
INFO: [ app_end ] --END-- [ RunTime:0.000291s ]

[ 2020-09-27T21:19:00+08:00 ] 112.21.29.132 /index.php?s=/Show/index/cid/4/id/22.html
INFO: [ app_init ] --START--
INFO: Run Behavior\BuildLiteBehavior [ RunTime:0.000012s ]
INFO: [ app_init ] --END-- [ RunTime:0.000279s ]
INFO: [ app_begin ] --START--
INFO: Run Behavior\ReadHtmlCacheBehavior [ RunTime:0.000379s ]
INFO: [ app_begin ] --END-- [ RunTime:0.000421s ]
SQL: SHOW COLUMNS FROM `gd_category_access` [ RunTime:0.0006s ]
SQL: SELECT `role_id` FROM `gd_category_access` WHERE `cat_id` = 4 AND `flag` = 0 AND `action` = 'visit'  [ RunTime:0.0002s ]
SQL: SHOW COLUMNS FROM `gd_article` [ RunTime:0.0005s ]
SQL: SELECT * FROM `gd_article` WHERE `delete_status` = 0 AND `id` = 22 LIMIT 1   [ RunTime:0.0002s ]
INFO: [ view_parse ] --START--
INFO: [ template_filter ] --START--
INFO: Run Behavior\ContentReplaceBehavior [ RunTime:0.000070s ]
INFO: [ template_filter ] --END-- [ RunTime:0.000098s ]
SQL: SHOW COLUMNS FROM `gd_category` [ RunTime:0.0006s ]
SQL: SELECT article.id AS id,article.title AS title,article.short_title AS short_title,article.color AS color,article.copyfrom AS copyfrom,article.author AS author,article.keywords AS keywords,article.litpic AS litpic,article.content AS content,article.description AS description,article.publish_time AS publish_time,article.update_time AS update_time,article.click AS click,article.cid AS cid,article.point AS point,article.comment_flag AS comment_flag,article.flag AS flag,article.jump_url AS jump_url,article.delete_status AS delete_status,article.audit_status AS audit_status,article.user_id AS user_id,article.aid AS aid,category.name AS cate_name,category.ename AS ename,category.model_id AS model_id,category.status AS cate_status FROM gd_article article LEFT JOIN gd_category category ON article.cid = category.id WHERE article.delete_status = 0 AND article.cid = '4' AND article.id < '22' ORDER BY article.id desc LIMIT 1   [ RunTime:0.0004s ]
SQL: SELECT article.id AS id,article.title AS title,article.short_title AS short_title,article.color AS color,article.copyfrom AS copyfrom,article.author AS author,article.keywords AS keywords,article.litpic AS litpic,article.content AS content,article.description AS description,article.publish_time AS publish_time,article.update_time AS update_time,article.click AS click,article.cid AS cid,article.point AS point,article.comment_flag AS comment_flag,article.flag AS flag,article.jump_url AS jump_url,article.delete_status AS delete_status,article.audit_status AS audit_status,article.user_id AS user_id,article.aid AS aid,category.name AS cate_name,category.ename AS ename,category.model_id AS model_id,category.status AS cate_status FROM gd_article article LEFT JOIN gd_category category ON article.cid = category.id WHERE article.delete_status = 0 AND article.cid = '4' AND article.id > '22' ORDER BY article.id ASC LIMIT 1   [ RunTime:0.0005s ]
SQL: SHOW COLUMNS FROM `gd_link` [ RunTime:0.0005s ]
SQL: SELECT * FROM `gd_link` WHERE `id` > 0 ORDER BY sort ASC LIMIT 10   [ RunTime:0.0001s ]
INFO: Run Behavior\ParseTemplateBehavior [ RunTime:0.011671s ]
INFO: [ view_parse ] --END-- [ RunTime:0.011690s ]
INFO: [ view_filter ] --START--
INFO: Run Behavior\WriteHtmlCacheBehavior [ RunTime:0.000132s ]
INFO: [ view_filter ] --END-- [ RunTime:0.000147s ]
INFO: [ app_end ] --START--
INFO: Run Behavior\ShowPageTraceBehavior [ RunTime:0.000264s ]
INFO: [ app_end ] --END-- [ RunTime:0.000281s ]

[ 2020-09-27T21:19:59+08:00 ] 112.21.29.132 /index.php?s=/List/index/cid/12.html
INFO: [ app_init ] --START--
INFO: Run Behavior\BuildLiteBehavior [ RunTime:0.000008s ]
INFO: [ app_init ] --END-- [ RunTime:0.000186s ]
INFO: [ app_begin ] --START--
INFO: Run Behavior\ReadHtmlCacheBehavior [ RunTime:0.000258s ]
INFO: [ app_begin ] --END-- [ RunTime:0.000282s ]
SQL: SHOW COLUMNS FROM `gd_category_access` [ RunTime:0.0015s ]
SQL: SELECT `role_id` FROM `gd_category_access` WHERE `cat_id` = 12 AND `flag` = 0 AND `action` = 'visit'  [ RunTime:0.0002s ]
SQL: SHOW COLUMNS FROM `gd_category` [ RunTime:0.0004s ]
SQL: SELECT `content` FROM `gd_category` WHERE `id` = 12 LIMIT 1   [ RunTime:0.0001s ]
INFO: [ view_parse ] --START--
INFO: [ template_filter ] --START--
INFO: Run Behavior\ContentReplaceBehavior [ RunTime:0.000101s ]
INFO: [ template_filter ] --END-- [ RunTime:0.000131s ]
SQL: SHOW COLUMNS FROM `gd_picture` [ RunTime:0.0006s ]
SQL: SHOW COLUMNS FROM `gd_category` [ RunTime:0.0004s ]
SQL: SELECT picture.id AS id,picture.title AS title,picture.color AS color,picture.keywords AS keywords,picture.litpic AS litpic,picture.description AS description,picture.publish_time AS publish_time,picture.update_time AS update_time,picture.copyfrom AS copyfrom,picture.template AS template,picture.click AS click,picture.cid AS cid,picture.point AS point,picture.comment_flag AS comment_flag,picture.flag AS flag,picture.jump_url AS jump_url,picture.delete_status AS delete_status,picture.audit_status AS audit_status,picture.user_id AS user_id,picture.aid AS aid,category.name AS cate_name,category.ename AS ename,category.model_id AS model_id,category.status AS cate_status FROM gd_picture picture LEFT JOIN gd_category category ON picture.cid = category.id WHERE picture.delete_status = 0 AND picture.cid IN (18) AND picture.audit_status = 1 AND category.status < 2 ORDER BY picture.point DESC,picture.id DESC LIMIT 10   [ RunTime:0.0004s ]
SQL: SHOW COLUMNS FROM `gd_link` [ RunTime:0.0004s ]
SQL: SELECT * FROM `gd_link` WHERE `id` > 0 ORDER BY sort ASC LIMIT 10   [ RunTime:0.0001s ]
INFO: Run Behavior\ParseTemplateBehavior [ RunTime:0.013402s ]
INFO: [ view_parse ] --END-- [ RunTime:0.013420s ]
INFO: [ view_filter ] --START--
INFO: Run Behavior\WriteHtmlCacheBehavior [ RunTime:0.000143s ]
INFO: [ view_filter ] --END-- [ RunTime:0.000158s ]
INFO: [ app_end ] --START--
INFO: Run Behavior\ShowPageTraceBehavior [ RunTime:0.000295s ]
INFO: [ app_end ] --END-- [ RunTime:0.000315s ]

[ 2020-09-27T21:22:47+08:00 ] 112.21.29.132 /
INFO: [ app_init ] --START--
INFO: Run Behavior\BuildLiteBehavior [ RunTime:0.000009s ]
INFO: [ app_init ] --END-- [ RunTime:0.000183s ]
INFO: [ app_begin ] --START--
INFO: Run Behavior\ReadHtmlCacheBehavior [ RunTime:0.000244s ]
INFO: [ app_begin ] --END-- [ RunTime:0.000269s ]
INFO: [ view_parse ] --START--
INFO: [ template_filter ] --START--
INFO: Run Behavior\ContentReplaceBehavior [ RunTime:0.000169s ]
INFO: [ template_filter ] --END-- [ RunTime:0.000199s ]
SQL: SHOW COLUMNS FROM `gd_product` [ RunTime:0.0006s ]
SQL: SHOW COLUMNS FROM `gd_category` [ RunTime:0.0004s ]
SQL: SELECT product.id AS id,product.title AS title,product.color AS color,product.keywords AS keywords,product.litpic AS litpic,product.description AS description,product.publish_time AS publish_time,product.update_time AS update_time,product.price AS price,product.market_price AS market_price,product.brand AS brand,product.units AS units,product.specification AS specification,product.click AS click,product.cid AS cid,product.point AS point,product.comment_flag AS comment_flag,product.flag AS flag,product.jump_url AS jump_url,product.delete_status AS delete_status,product.audit_status AS audit_status,product.user_id AS user_id,product.aid AS aid,category.name AS cate_name,category.ename AS ename,category.model_id AS model_id,category.status AS cate_status FROM gd_product product LEFT JOIN gd_category category ON product.cid = category.id WHERE product.delete_status = 0 AND product.cid IN (13) AND product.audit_status = 1 AND category.status < 2 ORDER BY product.point DESC,product.id DESC LIMIT 10   [ RunTime:0.0004s ]
SQL: SHOW COLUMNS FROM `gd_picture` [ RunTime:0.0004s ]
SQL: SELECT COUNT(*) AS tp_count FROM gd_picture picture LEFT JOIN gd_category category ON picture.cid = category.id WHERE picture.delete_status = 0 AND picture.cid IN (15) AND picture.audit_status = 1 AND category.status < 2 LIMIT 1   [ RunTime:0.0002s ]
SQL: SELECT picture.id AS id,picture.title AS title,picture.color AS color,picture.keywords AS keywords,picture.litpic AS litpic,picture.description AS description,picture.publish_time AS publish_time,picture.update_time AS update_time,picture.copyfrom AS copyfrom,picture.template AS template,picture.click AS click,picture.cid AS cid,picture.point AS point,picture.comment_flag AS comment_flag,picture.flag AS flag,picture.jump_url AS jump_url,picture.delete_status AS delete_status,picture.audit_status AS audit_status,picture.user_id AS user_id,picture.aid AS aid,category.name AS cate_name,category.ename AS ename,category.model_id AS model_id,category.status AS cate_status FROM gd_picture picture LEFT JOIN gd_category category ON picture.cid = category.id WHERE picture.delete_status = 0 AND picture.cid IN (15) AND picture.audit_status = 1 AND category.status < 2 ORDER BY picture.publish_time DESC LIMIT 0,3   [ RunTime:0.0002s ]
SQL: SELECT COUNT(*) AS tp_count FROM gd_picture picture LEFT JOIN gd_category category ON picture.cid = category.id WHERE picture.delete_status = 0 AND picture.cid IN (15) AND picture.audit_status = 1 AND category.status < 2 LIMIT 1   [ RunTime:0.0002s ]
SQL: SELECT picture.id AS id,picture.title AS title,picture.color AS color,picture.keywords AS keywords,picture.litpic AS litpic,picture.description AS description,picture.publish_time AS publish_time,picture.update_time AS update_time,picture.copyfrom AS copyfrom,picture.template AS template,picture.click AS click,picture.cid AS cid,picture.point AS point,picture.comment_flag AS comment_flag,picture.flag AS flag,picture.jump_url AS jump_url,picture.delete_status AS delete_status,picture.audit_status AS audit_status,picture.user_id AS user_id,picture.aid AS aid,category.name AS cate_name,category.ename AS ename,category.model_id AS model_id,category.status AS cate_status FROM gd_picture picture LEFT JOIN gd_category category ON picture.cid = category.id WHERE picture.delete_status = 0 AND picture.cid IN (15) AND picture.audit_status = 1 AND category.status < 2 ORDER BY picture.publish_time ASC LIMIT 0,3   [ RunTime:0.0002s ]
SQL: SELECT picture.id AS id,picture.title AS title,picture.color AS color,picture.keywords AS keywords,picture.litpic AS litpic,picture.description AS description,picture.publish_time AS publish_time,picture.update_time AS update_time,picture.copyfrom AS copyfrom,picture.template AS template,picture.click AS click,picture.cid AS cid,picture.point AS point,picture.comment_flag AS comment_flag,picture.flag AS flag,picture.jump_url AS jump_url,picture.delete_status AS delete_status,picture.audit_status AS audit_status,picture.user_id AS user_id,picture.aid AS aid,category.name AS cate_name,category.ename AS ename,category.model_id AS model_id,category.status AS cate_status FROM gd_picture picture LEFT JOIN gd_category category ON picture.cid = category.id WHERE picture.delete_status = 0 AND picture.cid IN (15) AND picture.audit_status = 1 AND category.status < 2 ORDER BY picture.point DESC,picture.id DESC LIMIT 10   [ RunTime:0.0002s ]
NOTIC: [8] Undefined variable: cid /www/wwwroot/gongdeyuan.com.cn/App/Runtime/Cache/Home/2e4beb93ad522d2e6e616c2879334b0f.php 第 291 行.
SQL: SHOW COLUMNS FROM `gd_article` [ RunTime:0.0004s ]
SQL: SELECT COUNT(*) AS tp_count FROM gd_article article LEFT JOIN gd_category category ON article.cid = category.id WHERE article.delete_status = 0 AND article.audit_status = 1 AND category.status < 2 LIMIT 1   [ RunTime:0.0002s ]
SQL: SELECT article.id AS id,article.title AS title,article.short_title AS short_title,article.color AS color,article.copyfrom AS copyfrom,article.author AS author,article.keywords AS keywords,article.litpic AS litpic,article.description AS description,article.publish_time AS publish_time,article.update_time AS update_time,article.click AS click,article.cid AS cid,article.point AS point,article.comment_flag AS comment_flag,article.flag AS flag,article.jump_url AS jump_url,article.delete_status AS delete_status,article.audit_status AS audit_status,article.user_id AS user_id,article.aid AS aid,category.name AS cate_name,category.ename AS ename,category.model_id AS model_id,category.status AS cate_status FROM gd_article article LEFT JOIN gd_category category ON article.cid = category.id WHERE article.delete_status = 0 AND article.audit_status = 1 AND category.status < 2 ORDER BY article.point DESC,article.id DESC LIMIT 0,3   [ RunTime:0.0002s ]
SQL: SHOW COLUMNS FROM `gd_link` [ RunTime:0.0003s ]
SQL: SELECT * FROM `gd_link` WHERE `id` > 0 ORDER BY sort ASC LIMIT 10   [ RunTime:0.0001s ]
INFO: Run Behavior\ParseTemplateBehavior [ RunTime:0.027548s ]
INFO: [ view_parse ] --END-- [ RunTime:0.027574s ]
INFO: [ view_filter ] --START--
INFO: Run Behavior\WriteHtmlCacheBehavior [ RunTime:0.000160s ]
INFO: [ view_filter ] --END-- [ RunTime:0.000176s ]
INFO: [ app_end ] --START--
INFO: Run Behavior\ShowPageTraceBehavior [ RunTime:0.000277s ]
INFO: [ app_end ] --END-- [ RunTime:0.000295s ]

[ 2020-09-27T22:45:47+08:00 ] 47.101.146.234 /
INFO: [ app_init ] --START--
INFO: Run Behavior\BuildLiteBehavior [ RunTime:0.000007s ]
INFO: [ app_init ] --END-- [ RunTime:0.000189s ]
INFO: [ app_begin ] --START--
INFO: Run Behavior\ReadHtmlCacheBehavior [ RunTime:0.000252s ]
INFO: [ app_begin ] --END-- [ RunTime:0.000275s ]
INFO: [ view_parse ] --START--
INFO: [ template_filter ] --START--
INFO: Run Behavior\ContentReplaceBehavior [ RunTime:0.000172s ]
INFO: [ template_filter ] --END-- [ RunTime:0.000203s ]
SQL: SHOW COLUMNS FROM `gd_product` [ RunTime:0.0006s ]
SQL: SHOW COLUMNS FROM `gd_category` [ RunTime:0.0004s ]
SQL: SELECT product.id AS id,product.title AS title,product.color AS color,product.keywords AS keywords,product.litpic AS litpic,product.description AS description,product.publish_time AS publish_time,product.update_time AS update_time,product.price AS price,product.market_price AS market_price,product.brand AS brand,product.units AS units,product.specification AS specification,product.click AS click,product.cid AS cid,product.point AS point,product.comment_flag AS comment_flag,product.flag AS flag,product.jump_url AS jump_url,product.delete_status AS delete_status,product.audit_status AS audit_status,product.user_id AS user_id,product.aid AS aid,category.name AS cate_name,category.ename AS ename,category.model_id AS model_id,category.status AS cate_status FROM gd_product product LEFT JOIN gd_category category ON product.cid = category.id WHERE product.delete_status = 0 AND product.cid IN (13) AND product.audit_status = 1 AND category.status < 2 ORDER BY product.point DESC,product.id DESC LIMIT 10   [ RunTime:0.0004s ]
SQL: SHOW COLUMNS FROM `gd_picture` [ RunTime:0.0004s ]
SQL: SELECT COUNT(*) AS tp_count FROM gd_picture picture LEFT JOIN gd_category category ON picture.cid = category.id WHERE picture.delete_status = 0 AND picture.cid IN (15) AND picture.audit_status = 1 AND category.status < 2 LIMIT 1   [ RunTime:0.0002s ]
SQL: SELECT picture.id AS id,picture.title AS title,picture.color AS color,picture.keywords AS keywords,picture.litpic AS litpic,picture.description AS description,picture.publish_time AS publish_time,picture.update_time AS update_time,picture.copyfrom AS copyfrom,picture.template AS template,picture.click AS click,picture.cid AS cid,picture.point AS point,picture.comment_flag AS comment_flag,picture.flag AS flag,picture.jump_url AS jump_url,picture.delete_status AS delete_status,picture.audit_status AS audit_status,picture.user_id AS user_id,picture.aid AS aid,category.name AS cate_name,category.ename AS ename,category.model_id AS model_id,category.status AS cate_status FROM gd_picture picture LEFT JOIN gd_category category ON picture.cid = category.id WHERE picture.delete_status = 0 AND picture.cid IN (15) AND picture.audit_status = 1 AND category.status < 2 ORDER BY picture.publish_time DESC LIMIT 0,3   [ RunTime:0.0003s ]
SQL: SELECT COUNT(*) AS tp_count FROM gd_picture picture LEFT JOIN gd_category category ON picture.cid = category.id WHERE picture.delete_status = 0 AND picture.cid IN (15) AND picture.audit_status = 1 AND category.status < 2 LIMIT 1   [ RunTime:0.0001s ]
SQL: SELECT picture.id AS id,picture.title AS title,picture.color AS color,picture.keywords AS keywords,picture.litpic AS litpic,picture.description AS description,picture.publish_time AS publish_time,picture.update_time AS update_time,picture.copyfrom AS copyfrom,picture.template AS template,picture.click AS click,picture.cid AS cid,picture.point AS point,picture.comment_flag AS comment_flag,picture.flag AS flag,picture.jump_url AS jump_url,picture.delete_status AS delete_status,picture.audit_status AS audit_status,picture.user_id AS user_id,picture.aid AS aid,category.name AS cate_name,category.ename AS ename,category.model_id AS model_id,category.status AS cate_status FROM gd_picture picture LEFT JOIN gd_category category ON picture.cid = category.id WHERE picture.delete_status = 0 AND picture.cid IN (15) AND picture.audit_status = 1 AND category.status < 2 ORDER BY picture.publish_time ASC LIMIT 0,3   [ RunTime:0.0002s ]
SQL: SELECT picture.id AS id,picture.title AS title,picture.color AS color,picture.keywords AS keywords,picture.litpic AS litpic,picture.description AS description,picture.publish_time AS publish_time,picture.update_time AS update_time,picture.copyfrom AS copyfrom,picture.template AS template,picture.click AS click,picture.cid AS cid,picture.point AS point,picture.comment_flag AS comment_flag,picture.flag AS flag,picture.jump_url AS jump_url,picture.delete_status AS delete_status,picture.audit_status AS audit_status,picture.user_id AS user_id,picture.aid AS aid,category.name AS cate_name,category.ename AS ename,category.model_id AS model_id,category.status AS cate_status FROM gd_picture picture LEFT JOIN gd_category category ON picture.cid = category.id WHERE picture.delete_status = 0 AND picture.cid IN (15) AND picture.audit_status = 1 AND category.status < 2 ORDER BY picture.point DESC,picture.id DESC LIMIT 10   [ RunTime:0.0003s ]
NOTIC: [8] Undefined variable: cid /www/wwwroot/gongdeyuan.com.cn/App/Runtime/Cache/Home/2e4beb93ad522d2e6e616c2879334b0f.php 第 291 行.
SQL: SHOW COLUMNS FROM `gd_article` [ RunTime:0.0004s ]
SQL: SELECT COUNT(*) AS tp_count FROM gd_article article LEFT JOIN gd_category category ON article.cid = category.id WHERE article.delete_status = 0 AND article.audit_status = 1 AND category.status < 2 LIMIT 1   [ RunTime:0.0005s ]
SQL: SELECT article.id AS id,article.title AS title,article.short_title AS short_title,article.color AS color,article.copyfrom AS copyfrom,article.author AS author,article.keywords AS keywords,article.litpic AS litpic,article.description AS description,article.publish_time AS publish_time,article.update_time AS update_time,article.click AS click,article.cid AS cid,article.point AS point,article.comment_flag AS comment_flag,article.flag AS flag,article.jump_url AS jump_url,article.delete_status AS delete_status,article.audit_status AS audit_status,article.user_id AS user_id,article.aid AS aid,category.name AS cate_name,category.ename AS ename,category.model_id AS model_id,category.status AS cate_status FROM gd_article article LEFT JOIN gd_category category ON article.cid = category.id WHERE article.delete_status = 0 AND article.audit_status = 1 AND category.status < 2 ORDER BY article.point DESC,article.id DESC LIMIT 0,3   [ RunTime:0.0002s ]
SQL: SHOW COLUMNS FROM `gd_link` [ RunTime:0.0003s ]
SQL: SELECT * FROM `gd_link` WHERE `id` > 0 ORDER BY sort ASC LIMIT 10   [ RunTime:0.0001s ]
INFO: Run Behavior\ParseTemplateBehavior [ RunTime:0.027629s ]
INFO: [ view_parse ] --END-- [ RunTime:0.027654s ]
INFO: [ view_filter ] --START--
INFO: Run Behavior\WriteHtmlCacheBehavior [ RunTime:0.000156s ]
INFO: [ view_filter ] --END-- [ RunTime:0.000171s ]
INFO: [ app_end ] --START--
INFO: Run Behavior\ShowPageTraceBehavior [ RunTime:0.000274s ]
INFO: [ app_end ] --END-- [ RunTime:0.000292s ]

