[ 2020-10-09T08:46:39+08:00 ] 49.80.247.44 /index.php?s=/Show/index/cid/4/id/23.html
INFO: [ app_init ] --START--
INFO: Run Behavior\BuildLiteBehavior [ RunTime:0.000022s ]
INFO: [ app_init ] --END-- [ RunTime:0.000539s ]
INFO: [ app_begin ] --START--
INFO: Run Behavior\ReadHtmlCacheBehavior [ RunTime:0.000247s ]
INFO: [ app_begin ] --END-- [ RunTime:0.000272s ]
SQL: SHOW COLUMNS FROM `gd_category_access` [ RunTime:0.0040s ]
SQL: SELECT `role_id` FROM `gd_category_access` WHERE `cat_id` = 4 AND `flag` = 0 AND `action` = 'visit'  [ RunTime:0.0001s ]
SQL: SHOW COLUMNS FROM `gd_article` [ RunTime:0.0009s ]
SQL: SELECT * FROM `gd_article` WHERE `delete_status` = 0 AND `id` = 23 LIMIT 1   [ RunTime:0.0009s ]
INFO: [ view_parse ] --START--
INFO: [ template_filter ] --START--
INFO: Run Behavior\ContentReplaceBehavior [ RunTime:0.000061s ]
INFO: [ template_filter ] --END-- [ RunTime:0.000085s ]
SQL: SHOW COLUMNS FROM `gd_category` [ RunTime:0.0009s ]
SQL: SELECT article.id AS id,article.title AS title,article.short_title AS short_title,article.color AS color,article.copyfrom AS copyfrom,article.author AS author,article.keywords AS keywords,article.litpic AS litpic,article.content AS content,article.description AS description,article.publish_time AS publish_time,article.update_time AS update_time,article.click AS click,article.cid AS cid,article.point AS point,article.comment_flag AS comment_flag,article.flag AS flag,article.jump_url AS jump_url,article.delete_status AS delete_status,article.audit_status AS audit_status,article.user_id AS user_id,article.aid AS aid,category.name AS cate_name,category.ename AS ename,category.model_id AS model_id,category.status AS cate_status FROM gd_article article LEFT JOIN gd_category category ON article.cid = category.id WHERE article.delete_status = 0 AND article.cid = '4' AND article.id < '23' ORDER BY article.id desc LIMIT 1   [ RunTime:0.0006s ]
SQL: SELECT article.id AS id,article.title AS title,article.short_title AS short_title,article.color AS color,article.copyfrom AS copyfrom,article.author AS author,article.keywords AS keywords,article.litpic AS litpic,article.content AS content,article.description AS description,article.publish_time AS publish_time,article.update_time AS update_time,article.click AS click,article.cid AS cid,article.point AS point,article.comment_flag AS comment_flag,article.flag AS flag,article.jump_url AS jump_url,article.delete_status AS delete_status,article.audit_status AS audit_status,article.user_id AS user_id,article.aid AS aid,category.name AS cate_name,category.ename AS ename,category.model_id AS model_id,category.status AS cate_status FROM gd_article article LEFT JOIN gd_category category ON article.cid = category.id WHERE article.delete_status = 0 AND article.cid = '4' AND article.id > '23' ORDER BY article.id ASC LIMIT 1   [ RunTime:0.0002s ]
SQL: SHOW COLUMNS FROM `gd_link` [ RunTime:0.0008s ]
SQL: SELECT * FROM `gd_link` WHERE `id` > 0 ORDER BY sort ASC LIMIT 10   [ RunTime:0.0001s ]
INFO: Run Behavior\ParseTemplateBehavior [ RunTime:0.013687s ]
INFO: [ view_parse ] --END-- [ RunTime:0.013705s ]
INFO: [ view_filter ] --START--
INFO: Run Behavior\WriteHtmlCacheBehavior [ RunTime:0.000130s ]
INFO: [ view_filter ] --END-- [ RunTime:0.000144s ]
INFO: [ app_end ] --START--
INFO: Run Behavior\ShowPageTraceBehavior [ RunTime:0.000250s ]
INFO: [ app_end ] --END-- [ RunTime:0.000267s ]

[ 2020-10-09T08:46:42+08:00 ] 49.80.247.44 /
INFO: [ app_init ] --START--
INFO: Run Behavior\BuildLiteBehavior [ RunTime:0.000008s ]
INFO: [ app_init ] --END-- [ RunTime:0.000188s ]
INFO: [ app_begin ] --START--
INFO: Run Behavior\ReadHtmlCacheBehavior [ RunTime:0.000242s ]
INFO: [ app_begin ] --END-- [ RunTime:0.000266s ]
INFO: [ view_parse ] --START--
INFO: [ template_filter ] --START--
INFO: Run Behavior\ContentReplaceBehavior [ RunTime:0.000158s ]
INFO: [ template_filter ] --END-- [ RunTime:0.000183s ]
SQL: SHOW COLUMNS FROM `gd_product` [ RunTime:0.0012s ]
SQL: SHOW COLUMNS FROM `gd_category` [ RunTime:0.0004s ]
SQL: SELECT product.id AS id,product.title AS title,product.color AS color,product.keywords AS keywords,product.litpic AS litpic,product.description AS description,product.publish_time AS publish_time,product.update_time AS update_time,product.price AS price,product.market_price AS market_price,product.brand AS brand,product.units AS units,product.specification AS specification,product.click AS click,product.cid AS cid,product.point AS point,product.comment_flag AS comment_flag,product.flag AS flag,product.jump_url AS jump_url,product.delete_status AS delete_status,product.audit_status AS audit_status,product.user_id AS user_id,product.aid AS aid,category.name AS cate_name,category.ename AS ename,category.model_id AS model_id,category.status AS cate_status FROM gd_product product LEFT JOIN gd_category category ON product.cid = category.id WHERE product.delete_status = 0 AND product.cid IN (13) AND product.audit_status = 1 AND category.status < 2 ORDER BY product.point DESC,product.id DESC LIMIT 10   [ RunTime:0.0008s ]
SQL: SHOW COLUMNS FROM `gd_picture` [ RunTime:0.0009s ]
SQL: SELECT COUNT(*) AS tp_count FROM gd_picture picture LEFT JOIN gd_category category ON picture.cid = category.id WHERE picture.delete_status = 0 AND picture.cid IN (15) AND picture.audit_status = 1 AND category.status < 2 LIMIT 1   [ RunTime:0.0005s ]
SQL: SELECT picture.id AS id,picture.title AS title,picture.color AS color,picture.keywords AS keywords,picture.litpic AS litpic,picture.description AS description,picture.publish_time AS publish_time,picture.update_time AS update_time,picture.copyfrom AS copyfrom,picture.template AS template,picture.click AS click,picture.cid AS cid,picture.point AS point,picture.comment_flag AS comment_flag,picture.flag AS flag,picture.jump_url AS jump_url,picture.delete_status AS delete_status,picture.audit_status AS audit_status,picture.user_id AS user_id,picture.aid AS aid,category.name AS cate_name,category.ename AS ename,category.model_id AS model_id,category.status AS cate_status FROM gd_picture picture LEFT JOIN gd_category category ON picture.cid = category.id WHERE picture.delete_status = 0 AND picture.cid IN (15) AND picture.audit_status = 1 AND category.status < 2 ORDER BY picture.publish_time DESC LIMIT 0,3   [ RunTime:0.0002s ]
SQL: SELECT COUNT(*) AS tp_count FROM gd_picture picture LEFT JOIN gd_category category ON picture.cid = category.id WHERE picture.delete_status = 0 AND picture.cid IN (15) AND picture.audit_status = 1 AND category.status < 2 LIMIT 1   [ RunTime:0.0001s ]
SQL: SELECT picture.id AS id,picture.title AS title,picture.color AS color,picture.keywords AS keywords,picture.litpic AS litpic,picture.description AS description,picture.publish_time AS publish_time,picture.update_time AS update_time,picture.copyfrom AS copyfrom,picture.template AS template,picture.click AS click,picture.cid AS cid,picture.point AS point,picture.comment_flag AS comment_flag,picture.flag AS flag,picture.jump_url AS jump_url,picture.delete_status AS delete_status,picture.audit_status AS audit_status,picture.user_id AS user_id,picture.aid AS aid,category.name AS cate_name,category.ename AS ename,category.model_id AS model_id,category.status AS cate_status FROM gd_picture picture LEFT JOIN gd_category category ON picture.cid = category.id WHERE picture.delete_status = 0 AND picture.cid IN (15) AND picture.audit_status = 1 AND category.status < 2 ORDER BY picture.publish_time ASC LIMIT 0,3   [ RunTime:0.0002s ]
SQL: SELECT picture.id AS id,picture.title AS title,picture.color AS color,picture.keywords AS keywords,picture.litpic AS litpic,picture.description AS description,picture.publish_time AS publish_time,picture.update_time AS update_time,picture.copyfrom AS copyfrom,picture.template AS template,picture.click AS click,picture.cid AS cid,picture.point AS point,picture.comment_flag AS comment_flag,picture.flag AS flag,picture.jump_url AS jump_url,picture.delete_status AS delete_status,picture.audit_status AS audit_status,picture.user_id AS user_id,picture.aid AS aid,category.name AS cate_name,category.ename AS ename,category.model_id AS model_id,category.status AS cate_status FROM gd_picture picture LEFT JOIN gd_category category ON picture.cid = category.id WHERE picture.delete_status = 0 AND picture.cid IN (15) AND picture.audit_status = 1 AND category.status < 2 ORDER BY picture.point DESC,picture.id DESC LIMIT 10   [ RunTime:0.0005s ]
NOTIC: [8] Undefined variable: cid /www/wwwroot/gongdeyuan.com.cn/App/Runtime/Cache/Home/2e4beb93ad522d2e6e616c2879334b0f.php 第 291 行.
SQL: SHOW COLUMNS FROM `gd_article` [ RunTime:0.0004s ]
SQL: SELECT COUNT(*) AS tp_count FROM gd_article article LEFT JOIN gd_category category ON article.cid = category.id WHERE article.delete_status = 0 AND article.audit_status = 1 AND category.status < 2 LIMIT 1   [ RunTime:0.0005s ]
SQL: SELECT article.id AS id,article.title AS title,article.short_title AS short_title,article.color AS color,article.copyfrom AS copyfrom,article.author AS author,article.keywords AS keywords,article.litpic AS litpic,article.description AS description,article.publish_time AS publish_time,article.update_time AS update_time,article.click AS click,article.cid AS cid,article.point AS point,article.comment_flag AS comment_flag,article.flag AS flag,article.jump_url AS jump_url,article.delete_status AS delete_status,article.audit_status AS audit_status,article.user_id AS user_id,article.aid AS aid,category.name AS cate_name,category.ename AS ename,category.model_id AS model_id,category.status AS cate_status FROM gd_article article LEFT JOIN gd_category category ON article.cid = category.id WHERE article.delete_status = 0 AND article.audit_status = 1 AND category.status < 2 ORDER BY article.point DESC,article.id DESC LIMIT 0,3   [ RunTime:0.0002s ]
SQL: SHOW COLUMNS FROM `gd_link` [ RunTime:0.0003s ]
SQL: SELECT * FROM `gd_link` WHERE `id` > 0 ORDER BY sort ASC LIMIT 10   [ RunTime:0.0001s ]
INFO: Run Behavior\ParseTemplateBehavior [ RunTime:0.028952s ]
INFO: [ view_parse ] --END-- [ RunTime:0.028971s ]
INFO: [ view_filter ] --START--
INFO: Run Behavior\WriteHtmlCacheBehavior [ RunTime:0.000124s ]
INFO: [ view_filter ] --END-- [ RunTime:0.000139s ]
INFO: [ app_end ] --START--
INFO: Run Behavior\ShowPageTraceBehavior [ RunTime:0.000268s ]
INFO: [ app_end ] --END-- [ RunTime:0.000285s ]

[ 2020-10-09T08:46:56+08:00 ] 49.80.247.44 /index.php?s=/List/index/cid/12.html
INFO: [ app_init ] --START--
INFO: Run Behavior\BuildLiteBehavior [ RunTime:0.000008s ]
INFO: [ app_init ] --END-- [ RunTime:0.000192s ]
INFO: [ app_begin ] --START--
INFO: Run Behavior\ReadHtmlCacheBehavior [ RunTime:0.000277s ]
INFO: [ app_begin ] --END-- [ RunTime:0.000303s ]
SQL: SHOW COLUMNS FROM `gd_category_access` [ RunTime:0.0005s ]
SQL: SELECT `role_id` FROM `gd_category_access` WHERE `cat_id` = 12 AND `flag` = 0 AND `action` = 'visit'  [ RunTime:0.0001s ]
SQL: SHOW COLUMNS FROM `gd_category` [ RunTime:0.0004s ]
SQL: SELECT `content` FROM `gd_category` WHERE `id` = 12 LIMIT 1   [ RunTime:0.0001s ]
INFO: [ view_parse ] --START--
INFO: [ template_filter ] --START--
INFO: Run Behavior\ContentReplaceBehavior [ RunTime:0.000094s ]
INFO: [ template_filter ] --END-- [ RunTime:0.000119s ]
SQL: SHOW COLUMNS FROM `gd_picture` [ RunTime:0.0006s ]
SQL: SHOW COLUMNS FROM `gd_category` [ RunTime:0.0004s ]
SQL: SELECT picture.id AS id,picture.title AS title,picture.color AS color,picture.keywords AS keywords,picture.litpic AS litpic,picture.description AS description,picture.publish_time AS publish_time,picture.update_time AS update_time,picture.copyfrom AS copyfrom,picture.template AS template,picture.click AS click,picture.cid AS cid,picture.point AS point,picture.comment_flag AS comment_flag,picture.flag AS flag,picture.jump_url AS jump_url,picture.delete_status AS delete_status,picture.audit_status AS audit_status,picture.user_id AS user_id,picture.aid AS aid,category.name AS cate_name,category.ename AS ename,category.model_id AS model_id,category.status AS cate_status FROM gd_picture picture LEFT JOIN gd_category category ON picture.cid = category.id WHERE picture.delete_status = 0 AND picture.cid IN (18) AND picture.audit_status = 1 AND category.status < 2 ORDER BY picture.point DESC,picture.id DESC LIMIT 10   [ RunTime:0.0003s ]
SQL: SHOW COLUMNS FROM `gd_link` [ RunTime:0.0003s ]
SQL: SELECT * FROM `gd_link` WHERE `id` > 0 ORDER BY sort ASC LIMIT 10   [ RunTime:0.0001s ]
INFO: Run Behavior\ParseTemplateBehavior [ RunTime:0.013441s ]
INFO: [ view_parse ] --END-- [ RunTime:0.013457s ]
INFO: [ view_filter ] --START--
INFO: Run Behavior\WriteHtmlCacheBehavior [ RunTime:0.000134s ]
INFO: [ view_filter ] --END-- [ RunTime:0.000149s ]
INFO: [ app_end ] --START--
INFO: Run Behavior\ShowPageTraceBehavior [ RunTime:0.000270s ]
INFO: [ app_end ] --END-- [ RunTime:0.000288s ]

[ 2020-10-09T08:47:04+08:00 ] 27.115.124.6 /index.php
INFO: [ app_init ] --START--
INFO: Run Behavior\BuildLiteBehavior [ RunTime:0.000007s ]
INFO: [ app_init ] --END-- [ RunTime:0.000181s ]
INFO: [ app_begin ] --START--
INFO: Run Behavior\ReadHtmlCacheBehavior [ RunTime:0.000281s ]
INFO: [ app_begin ] --END-- [ RunTime:0.000307s ]
INFO: [ view_parse ] --START--
INFO: [ template_filter ] --START--
INFO: Run Behavior\ContentReplaceBehavior [ RunTime:0.000171s ]
INFO: [ template_filter ] --END-- [ RunTime:0.000195s ]
SQL: SHOW COLUMNS FROM `gd_product` [ RunTime:0.0006s ]
SQL: SHOW COLUMNS FROM `gd_category` [ RunTime:0.0004s ]
SQL: SELECT product.id AS id,product.title AS title,product.color AS color,product.keywords AS keywords,product.litpic AS litpic,product.description AS description,product.publish_time AS publish_time,product.update_time AS update_time,product.price AS price,product.market_price AS market_price,product.brand AS brand,product.units AS units,product.specification AS specification,product.click AS click,product.cid AS cid,product.point AS point,product.comment_flag AS comment_flag,product.flag AS flag,product.jump_url AS jump_url,product.delete_status AS delete_status,product.audit_status AS audit_status,product.user_id AS user_id,product.aid AS aid,category.name AS cate_name,category.ename AS ename,category.model_id AS model_id,category.status AS cate_status FROM gd_product product LEFT JOIN gd_category category ON product.cid = category.id WHERE product.delete_status = 0 AND product.cid IN (13) AND product.audit_status = 1 AND category.status < 2 ORDER BY product.point DESC,product.id DESC LIMIT 10   [ RunTime:0.0004s ]
SQL: SHOW COLUMNS FROM `gd_picture` [ RunTime:0.0004s ]
SQL: SELECT COUNT(*) AS tp_count FROM gd_picture picture LEFT JOIN gd_category category ON picture.cid = category.id WHERE picture.delete_status = 0 AND picture.cid IN (15) AND picture.audit_status = 1 AND category.status < 2 LIMIT 1   [ RunTime:0.0002s ]
SQL: SELECT picture.id AS id,picture.title AS title,picture.color AS color,picture.keywords AS keywords,picture.litpic AS litpic,picture.description AS description,picture.publish_time AS publish_time,picture.update_time AS update_time,picture.copyfrom AS copyfrom,picture.template AS template,picture.click AS click,picture.cid AS cid,picture.point AS point,picture.comment_flag AS comment_flag,picture.flag AS flag,picture.jump_url AS jump_url,picture.delete_status AS delete_status,picture.audit_status AS audit_status,picture.user_id AS user_id,picture.aid AS aid,category.name AS cate_name,category.ename AS ename,category.model_id AS model_id,category.status AS cate_status FROM gd_picture picture LEFT JOIN gd_category category ON picture.cid = category.id WHERE picture.delete_status = 0 AND picture.cid IN (15) AND picture.audit_status = 1 AND category.status < 2 ORDER BY picture.publish_time DESC LIMIT 0,3   [ RunTime:0.0002s ]
SQL: SELECT COUNT(*) AS tp_count FROM gd_picture picture LEFT JOIN gd_category category ON picture.cid = category.id WHERE picture.delete_status = 0 AND picture.cid IN (15) AND picture.audit_status = 1 AND category.status < 2 LIMIT 1   [ RunTime:0.0001s ]
SQL: SELECT picture.id AS id,picture.title AS title,picture.color AS color,picture.keywords AS keywords,picture.litpic AS litpic,picture.description AS description,picture.publish_time AS publish_time,picture.update_time AS update_time,picture.copyfrom AS copyfrom,picture.template AS template,picture.click AS click,picture.cid AS cid,picture.point AS point,picture.comment_flag AS comment_flag,picture.flag AS flag,picture.jump_url AS jump_url,picture.delete_status AS delete_status,picture.audit_status AS audit_status,picture.user_id AS user_id,picture.aid AS aid,category.name AS cate_name,category.ename AS ename,category.model_id AS model_id,category.status AS cate_status FROM gd_picture picture LEFT JOIN gd_category category ON picture.cid = category.id WHERE picture.delete_status = 0 AND picture.cid IN (15) AND picture.audit_status = 1 AND category.status < 2 ORDER BY picture.publish_time ASC LIMIT 0,3   [ RunTime:0.0002s ]
SQL: SELECT picture.id AS id,picture.title AS title,picture.color AS color,picture.keywords AS keywords,picture.litpic AS litpic,picture.description AS description,picture.publish_time AS publish_time,picture.update_time AS update_time,picture.copyfrom AS copyfrom,picture.template AS template,picture.click AS click,picture.cid AS cid,picture.point AS point,picture.comment_flag AS comment_flag,picture.flag AS flag,picture.jump_url AS jump_url,picture.delete_status AS delete_status,picture.audit_status AS audit_status,picture.user_id AS user_id,picture.aid AS aid,category.name AS cate_name,category.ename AS ename,category.model_id AS model_id,category.status AS cate_status FROM gd_picture picture LEFT JOIN gd_category category ON picture.cid = category.id WHERE picture.delete_status = 0 AND picture.cid IN (15) AND picture.audit_status = 1 AND category.status < 2 ORDER BY picture.point DESC,picture.id DESC LIMIT 10   [ RunTime:0.0002s ]
NOTIC: [8] Undefined variable: cid /www/wwwroot/gongdeyuan.com.cn/App/Runtime/Cache/Home/2e4beb93ad522d2e6e616c2879334b0f.php 第 291 行.
SQL: SHOW COLUMNS FROM `gd_article` [ RunTime:0.0004s ]
SQL: SELECT COUNT(*) AS tp_count FROM gd_article article LEFT JOIN gd_category category ON article.cid = category.id WHERE article.delete_status = 0 AND article.audit_status = 1 AND category.status < 2 LIMIT 1   [ RunTime:0.0002s ]
SQL: SELECT article.id AS id,article.title AS title,article.short_title AS short_title,article.color AS color,article.copyfrom AS copyfrom,article.author AS author,article.keywords AS keywords,article.litpic AS litpic,article.description AS description,article.publish_time AS publish_time,article.update_time AS update_time,article.click AS click,article.cid AS cid,article.point AS point,article.comment_flag AS comment_flag,article.flag AS flag,article.jump_url AS jump_url,article.delete_status AS delete_status,article.audit_status AS audit_status,article.user_id AS user_id,article.aid AS aid,category.name AS cate_name,category.ename AS ename,category.model_id AS model_id,category.status AS cate_status FROM gd_article article LEFT JOIN gd_category category ON article.cid = category.id WHERE article.delete_status = 0 AND article.audit_status = 1 AND category.status < 2 ORDER BY article.point DESC,article.id DESC LIMIT 0,3   [ RunTime:0.0002s ]
SQL: SHOW COLUMNS FROM `gd_link` [ RunTime:0.0003s ]
SQL: SELECT * FROM `gd_link` WHERE `id` > 0 ORDER BY sort ASC LIMIT 10   [ RunTime:0.0001s ]
INFO: Run Behavior\ParseTemplateBehavior [ RunTime:0.025792s ]
INFO: [ view_parse ] --END-- [ RunTime:0.025813s ]
INFO: [ view_filter ] --START--
INFO: Run Behavior\WriteHtmlCacheBehavior [ RunTime:0.000126s ]
INFO: [ view_filter ] --END-- [ RunTime:0.000141s ]
INFO: [ app_end ] --START--
INFO: Run Behavior\ShowPageTraceBehavior [ RunTime:0.000254s ]
INFO: [ app_end ] --END-- [ RunTime:0.000280s ]

[ 2020-10-09T08:47:07+08:00 ] 27.115.124.70 /index.php
INFO: [ app_init ] --START--
INFO: Run Behavior\BuildLiteBehavior [ RunTime:0.000012s ]
INFO: [ app_init ] --END-- [ RunTime:0.000279s ]
INFO: [ app_begin ] --START--
INFO: Run Behavior\ReadHtmlCacheBehavior [ RunTime:0.000393s ]
INFO: [ app_begin ] --END-- [ RunTime:0.000435s ]
INFO: [ view_parse ] --START--
INFO: [ template_filter ] --START--
INFO: Run Behavior\ContentReplaceBehavior [ RunTime:0.000204s ]
INFO: [ template_filter ] --END-- [ RunTime:0.000249s ]
SQL: SHOW COLUMNS FROM `gd_product` [ RunTime:0.0011s ]
SQL: SHOW COLUMNS FROM `gd_category` [ RunTime:0.0005s ]
SQL: SELECT product.id AS id,product.title AS title,product.color AS color,product.keywords AS keywords,product.litpic AS litpic,product.description AS description,product.publish_time AS publish_time,product.update_time AS update_time,product.price AS price,product.market_price AS market_price,product.brand AS brand,product.units AS units,product.specification AS specification,product.click AS click,product.cid AS cid,product.point AS point,product.comment_flag AS comment_flag,product.flag AS flag,product.jump_url AS jump_url,product.delete_status AS delete_status,product.audit_status AS audit_status,product.user_id AS user_id,product.aid AS aid,category.name AS cate_name,category.ename AS ename,category.model_id AS model_id,category.status AS cate_status FROM gd_product product LEFT JOIN gd_category category ON product.cid = category.id WHERE product.delete_status = 0 AND product.cid IN (13) AND product.audit_status = 1 AND category.status < 2 ORDER BY product.point DESC,product.id DESC LIMIT 10   [ RunTime:0.0004s ]
SQL: SHOW COLUMNS FROM `gd_picture` [ RunTime:0.0004s ]
SQL: SELECT COUNT(*) AS tp_count FROM gd_picture picture LEFT JOIN gd_category category ON picture.cid = category.id WHERE picture.delete_status = 0 AND picture.cid IN (15) AND picture.audit_status = 1 AND category.status < 2 LIMIT 1   [ RunTime:0.0002s ]
SQL: SELECT picture.id AS id,picture.title AS title,picture.color AS color,picture.keywords AS keywords,picture.litpic AS litpic,picture.description AS description,picture.publish_time AS publish_time,picture.update_time AS update_time,picture.copyfrom AS copyfrom,picture.template AS template,picture.click AS click,picture.cid AS cid,picture.point AS point,picture.comment_flag AS comment_flag,picture.flag AS flag,picture.jump_url AS jump_url,picture.delete_status AS delete_status,picture.audit_status AS audit_status,picture.user_id AS user_id,picture.aid AS aid,category.name AS cate_name,category.ename AS ename,category.model_id AS model_id,category.status AS cate_status FROM gd_picture picture LEFT JOIN gd_category category ON picture.cid = category.id WHERE picture.delete_status = 0 AND picture.cid IN (15) AND picture.audit_status = 1 AND category.status < 2 ORDER BY picture.publish_time DESC LIMIT 0,3   [ RunTime:0.0003s ]
SQL: SELECT COUNT(*) AS tp_count FROM gd_picture picture LEFT JOIN gd_category category ON picture.cid = category.id WHERE picture.delete_status = 0 AND picture.cid IN (15) AND picture.audit_status = 1 AND category.status < 2 LIMIT 1   [ RunTime:0.0002s ]
SQL: SELECT picture.id AS id,picture.title AS title,picture.color AS color,picture.keywords AS keywords,picture.litpic AS litpic,picture.description AS description,picture.publish_time AS publish_time,picture.update_time AS update_time,picture.copyfrom AS copyfrom,picture.template AS template,picture.click AS click,picture.cid AS cid,picture.point AS point,picture.comment_flag AS comment_flag,picture.flag AS flag,picture.jump_url AS jump_url,picture.delete_status AS delete_status,picture.audit_status AS audit_status,picture.user_id AS user_id,picture.aid AS aid,category.name AS cate_name,category.ename AS ename,category.model_id AS model_id,category.status AS cate_status FROM gd_picture picture LEFT JOIN gd_category category ON picture.cid = category.id WHERE picture.delete_status = 0 AND picture.cid IN (15) AND picture.audit_status = 1 AND category.status < 2 ORDER BY picture.publish_time ASC LIMIT 0,3   [ RunTime:0.0002s ]
SQL: SELECT picture.id AS id,picture.title AS title,picture.color AS color,picture.keywords AS keywords,picture.litpic AS litpic,picture.description AS description,picture.publish_time AS publish_time,picture.update_time AS update_time,picture.copyfrom AS copyfrom,picture.template AS template,picture.click AS click,picture.cid AS cid,picture.point AS point,picture.comment_flag AS comment_flag,picture.flag AS flag,picture.jump_url AS jump_url,picture.delete_status AS delete_status,picture.audit_status AS audit_status,picture.user_id AS user_id,picture.aid AS aid,category.name AS cate_name,category.ename AS ename,category.model_id AS model_id,category.status AS cate_status FROM gd_picture picture LEFT JOIN gd_category category ON picture.cid = category.id WHERE picture.delete_status = 0 AND picture.cid IN (15) AND picture.audit_status = 1 AND category.status < 2 ORDER BY picture.point DESC,picture.id DESC LIMIT 10   [ RunTime:0.0002s ]
NOTIC: [8] Undefined variable: cid /www/wwwroot/gongdeyuan.com.cn/App/Runtime/Cache/Home/2e4beb93ad522d2e6e616c2879334b0f.php 第 291 行.
SQL: SHOW COLUMNS FROM `gd_article` [ RunTime:0.0004s ]
SQL: SELECT COUNT(*) AS tp_count FROM gd_article article LEFT JOIN gd_category category ON article.cid = category.id WHERE article.delete_status = 0 AND article.audit_status = 1 AND category.status < 2 LIMIT 1   [ RunTime:0.0002s ]
SQL: SELECT article.id AS id,article.title AS title,article.short_title AS short_title,article.color AS color,article.copyfrom AS copyfrom,article.author AS author,article.keywords AS keywords,article.litpic AS litpic,article.description AS description,article.publish_time AS publish_time,article.update_time AS update_time,article.click AS click,article.cid AS cid,article.point AS point,article.comment_flag AS comment_flag,article.flag AS flag,article.jump_url AS jump_url,article.delete_status AS delete_status,article.audit_status AS audit_status,article.user_id AS user_id,article.aid AS aid,category.name AS cate_name,category.ename AS ename,category.model_id AS model_id,category.status AS cate_status FROM gd_article article LEFT JOIN gd_category category ON article.cid = category.id WHERE article.delete_status = 0 AND article.audit_status = 1 AND category.status < 2 ORDER BY article.point DESC,article.id DESC LIMIT 0,3   [ RunTime:0.0002s ]
SQL: SHOW COLUMNS FROM `gd_link` [ RunTime:0.0003s ]
SQL: SELECT * FROM `gd_link` WHERE `id` > 0 ORDER BY sort ASC LIMIT 10   [ RunTime:0.0001s ]
INFO: Run Behavior\ParseTemplateBehavior [ RunTime:0.034096s ]
INFO: [ view_parse ] --END-- [ RunTime:0.034125s ]
INFO: [ view_filter ] --START--
INFO: Run Behavior\WriteHtmlCacheBehavior [ RunTime:0.000124s ]
INFO: [ view_filter ] --END-- [ RunTime:0.000138s ]
INFO: [ app_end ] --START--
INFO: Run Behavior\ShowPageTraceBehavior [ RunTime:0.000261s ]
INFO: [ app_end ] --END-- [ RunTime:0.000278s ]

[ 2020-10-09T08:48:09+08:00 ] 49.80.247.44 /index.php?s=/List/index/cid/2.html
INFO: [ app_init ] --START--
INFO: Run Behavior\BuildLiteBehavior [ RunTime:0.000008s ]
INFO: [ app_init ] --END-- [ RunTime:0.000195s ]
INFO: [ app_begin ] --START--
INFO: Run Behavior\ReadHtmlCacheBehavior [ RunTime:0.000275s ]
INFO: [ app_begin ] --END-- [ RunTime:0.000301s ]
SQL: SHOW COLUMNS FROM `gd_category_access` [ RunTime:0.0005s ]
SQL: SELECT `role_id` FROM `gd_category_access` WHERE `cat_id` = 2 AND `flag` = 0 AND `action` = 'visit'  [ RunTime:0.0002s ]
INFO: [ view_parse ] --START--
INFO: [ template_filter ] --START--
INFO: Run Behavior\ContentReplaceBehavior [ RunTime:0.000086s ]
INFO: [ template_filter ] --END-- [ RunTime:0.000111s ]
SQL: SHOW COLUMNS FROM `gd_article` [ RunTime:0.0005s ]
SQL: SHOW COLUMNS FROM `gd_category` [ RunTime:0.0004s ]
SQL: SELECT COUNT(*) AS tp_count FROM gd_article article LEFT JOIN gd_category category ON article.cid = category.id WHERE article.delete_status = 0 AND article.cid IN (2,'4') AND article.audit_status = 1 AND category.status < 2 LIMIT 1   [ RunTime:0.0002s ]
SQL: SELECT article.id AS id,article.title AS title,article.short_title AS short_title,article.color AS color,article.copyfrom AS copyfrom,article.author AS author,article.keywords AS keywords,article.litpic AS litpic,article.description AS description,article.publish_time AS publish_time,article.update_time AS update_time,article.click AS click,article.cid AS cid,article.point AS point,article.comment_flag AS comment_flag,article.flag AS flag,article.jump_url AS jump_url,article.delete_status AS delete_status,article.audit_status AS audit_status,article.user_id AS user_id,article.aid AS aid,category.name AS cate_name,category.ename AS ename,category.model_id AS model_id,category.status AS cate_status FROM gd_article article LEFT JOIN gd_category category ON article.cid = category.id WHERE article.delete_status = 0 AND article.cid IN (2,'4') AND article.audit_status = 1 AND category.status < 2 ORDER BY article.point DESC,article.id DESC LIMIT 0,6   [ RunTime:0.0003s ]
SQL: SHOW COLUMNS FROM `gd_link` [ RunTime:0.0004s ]
SQL: SELECT * FROM `gd_link` WHERE `id` > 0 ORDER BY sort ASC LIMIT 10   [ RunTime:0.0001s ]
INFO: Run Behavior\ParseTemplateBehavior [ RunTime:0.013048s ]
INFO: [ view_parse ] --END-- [ RunTime:0.013067s ]
INFO: [ view_filter ] --START--
INFO: Run Behavior\WriteHtmlCacheBehavior [ RunTime:0.000129s ]
INFO: [ view_filter ] --END-- [ RunTime:0.000144s ]
INFO: [ app_end ] --START--
INFO: Run Behavior\ShowPageTraceBehavior [ RunTime:0.000249s ]
INFO: [ app_end ] --END-- [ RunTime:0.000265s ]

[ 2020-10-09T09:36:05+08:00 ] 106.15.224.49 /
INFO: [ app_init ] --START--
INFO: Run Behavior\BuildLiteBehavior [ RunTime:0.000008s ]
INFO: [ app_init ] --END-- [ RunTime:0.000182s ]
INFO: [ app_begin ] --START--
INFO: Run Behavior\ReadHtmlCacheBehavior [ RunTime:0.000240s ]
INFO: [ app_begin ] --END-- [ RunTime:0.000265s ]
INFO: [ view_parse ] --START--
INFO: [ template_filter ] --START--
INFO: Run Behavior\ContentReplaceBehavior [ RunTime:0.000175s ]
INFO: [ template_filter ] --END-- [ RunTime:0.000200s ]
SQL: SHOW COLUMNS FROM `gd_product` [ RunTime:0.0005s ]
SQL: SHOW COLUMNS FROM `gd_category` [ RunTime:0.0004s ]
SQL: SELECT product.id AS id,product.title AS title,product.color AS color,product.keywords AS keywords,product.litpic AS litpic,product.description AS description,product.publish_time AS publish_time,product.update_time AS update_time,product.price AS price,product.market_price AS market_price,product.brand AS brand,product.units AS units,product.specification AS specification,product.click AS click,product.cid AS cid,product.point AS point,product.comment_flag AS comment_flag,product.flag AS flag,product.jump_url AS jump_url,product.delete_status AS delete_status,product.audit_status AS audit_status,product.user_id AS user_id,product.aid AS aid,category.name AS cate_name,category.ename AS ename,category.model_id AS model_id,category.status AS cate_status FROM gd_product product LEFT JOIN gd_category category ON product.cid = category.id WHERE product.delete_status = 0 AND product.cid IN (13) AND product.audit_status = 1 AND category.status < 2 ORDER BY product.point DESC,product.id DESC LIMIT 10   [ RunTime:0.0004s ]
SQL: SHOW COLUMNS FROM `gd_picture` [ RunTime:0.0004s ]
SQL: SELECT COUNT(*) AS tp_count FROM gd_picture picture LEFT JOIN gd_category category ON picture.cid = category.id WHERE picture.delete_status = 0 AND picture.cid IN (15) AND picture.audit_status = 1 AND category.status < 2 LIMIT 1   [ RunTime:0.0002s ]
SQL: SELECT picture.id AS id,picture.title AS title,picture.color AS color,picture.keywords AS keywords,picture.litpic AS litpic,picture.description AS description,picture.publish_time AS publish_time,picture.update_time AS update_time,picture.copyfrom AS copyfrom,picture.template AS template,picture.click AS click,picture.cid AS cid,picture.point AS point,picture.comment_flag AS comment_flag,picture.flag AS flag,picture.jump_url AS jump_url,picture.delete_status AS delete_status,picture.audit_status AS audit_status,picture.user_id AS user_id,picture.aid AS aid,category.name AS cate_name,category.ename AS ename,category.model_id AS model_id,category.status AS cate_status FROM gd_picture picture LEFT JOIN gd_category category ON picture.cid = category.id WHERE picture.delete_status = 0 AND picture.cid IN (15) AND picture.audit_status = 1 AND category.status < 2 ORDER BY picture.publish_time DESC LIMIT 0,3   [ RunTime:0.0003s ]
SQL: SELECT COUNT(*) AS tp_count FROM gd_picture picture LEFT JOIN gd_category category ON picture.cid = category.id WHERE picture.delete_status = 0 AND picture.cid IN (15) AND picture.audit_status = 1 AND category.status < 2 LIMIT 1   [ RunTime:0.0002s ]
SQL: SELECT picture.id AS id,picture.title AS title,picture.color AS color,picture.keywords AS keywords,picture.litpic AS litpic,picture.description AS description,picture.publish_time AS publish_time,picture.update_time AS update_time,picture.copyfrom AS copyfrom,picture.template AS template,picture.click AS click,picture.cid AS cid,picture.point AS point,picture.comment_flag AS comment_flag,picture.flag AS flag,picture.jump_url AS jump_url,picture.delete_status AS delete_status,picture.audit_status AS audit_status,picture.user_id AS user_id,picture.aid AS aid,category.name AS cate_name,category.ename AS ename,category.model_id AS model_id,category.status AS cate_status FROM gd_picture picture LEFT JOIN gd_category category ON picture.cid = category.id WHERE picture.delete_status = 0 AND picture.cid IN (15) AND picture.audit_status = 1 AND category.status < 2 ORDER BY picture.publish_time ASC LIMIT 0,3   [ RunTime:0.0005s ]
SQL: SELECT picture.id AS id,picture.title AS title,picture.color AS color,picture.keywords AS keywords,picture.litpic AS litpic,picture.description AS description,picture.publish_time AS publish_time,picture.update_time AS update_time,picture.copyfrom AS copyfrom,picture.template AS template,picture.click AS click,picture.cid AS cid,picture.point AS point,picture.comment_flag AS comment_flag,picture.flag AS flag,picture.jump_url AS jump_url,picture.delete_status AS delete_status,picture.audit_status AS audit_status,picture.user_id AS user_id,picture.aid AS aid,category.name AS cate_name,category.ename AS ename,category.model_id AS model_id,category.status AS cate_status FROM gd_picture picture LEFT JOIN gd_category category ON picture.cid = category.id WHERE picture.delete_status = 0 AND picture.cid IN (15) AND picture.audit_status = 1 AND category.status < 2 ORDER BY picture.point DESC,picture.id DESC LIMIT 10   [ RunTime:0.0002s ]
NOTIC: [8] Undefined variable: cid /www/wwwroot/gongdeyuan.com.cn/App/Runtime/Cache/Home/2e4beb93ad522d2e6e616c2879334b0f.php 第 291 行.
SQL: SHOW COLUMNS FROM `gd_article` [ RunTime:0.0004s ]
SQL: SELECT COUNT(*) AS tp_count FROM gd_article article LEFT JOIN gd_category category ON article.cid = category.id WHERE article.delete_status = 0 AND article.audit_status = 1 AND category.status < 2 LIMIT 1   [ RunTime:0.0002s ]
SQL: SELECT article.id AS id,article.title AS title,article.short_title AS short_title,article.color AS color,article.copyfrom AS copyfrom,article.author AS author,article.keywords AS keywords,article.litpic AS litpic,article.description AS description,article.publish_time AS publish_time,article.update_time AS update_time,article.click AS click,article.cid AS cid,article.point AS point,article.comment_flag AS comment_flag,article.flag AS flag,article.jump_url AS jump_url,article.delete_status AS delete_status,article.audit_status AS audit_status,article.user_id AS user_id,article.aid AS aid,category.name AS cate_name,category.ename AS ename,category.model_id AS model_id,category.status AS cate_status FROM gd_article article LEFT JOIN gd_category category ON article.cid = category.id WHERE article.delete_status = 0 AND article.audit_status = 1 AND category.status < 2 ORDER BY article.point DESC,article.id DESC LIMIT 0,3   [ RunTime:0.0002s ]
SQL: SHOW COLUMNS FROM `gd_link` [ RunTime:0.0003s ]
SQL: SELECT * FROM `gd_link` WHERE `id` > 0 ORDER BY sort ASC LIMIT 10   [ RunTime:0.0001s ]
INFO: Run Behavior\ParseTemplateBehavior [ RunTime:0.026631s ]
INFO: [ view_parse ] --END-- [ RunTime:0.026653s ]
INFO: [ view_filter ] --START--
INFO: Run Behavior\WriteHtmlCacheBehavior [ RunTime:0.000124s ]
INFO: [ view_filter ] --END-- [ RunTime:0.000138s ]
INFO: [ app_end ] --START--
INFO: Run Behavior\ShowPageTraceBehavior [ RunTime:0.000265s ]
INFO: [ app_end ] --END-- [ RunTime:0.000282s ]

