[ 2020-10-10T08:18:59+08:00 ] 47.100.242.138 /
INFO: [ app_init ] --START--
INFO: Run Behavior\BuildLiteBehavior [ RunTime:0.000007s ]
INFO: [ app_init ] --END-- [ RunTime:0.000173s ]
INFO: [ app_begin ] --START--
INFO: Run Behavior\ReadHtmlCacheBehavior [ RunTime:0.000255s ]
INFO: [ app_begin ] --END-- [ RunTime:0.000280s ]
INFO: [ view_parse ] --START--
INFO: [ template_filter ] --START--
INFO: Run Behavior\ContentReplaceBehavior [ RunTime:0.000186s ]
INFO: [ template_filter ] --END-- [ RunTime:0.000212s ]
SQL: SHOW COLUMNS FROM `gd_product` [ RunTime:0.0016s ]
SQL: SHOW COLUMNS FROM `gd_category` [ RunTime:0.0023s ]
SQL: SELECT product.id AS id,product.title AS title,product.color AS color,product.keywords AS keywords,product.litpic AS litpic,product.description AS description,product.publish_time AS publish_time,product.update_time AS update_time,product.price AS price,product.market_price AS market_price,product.brand AS brand,product.units AS units,product.specification AS specification,product.click AS click,product.cid AS cid,product.point AS point,product.comment_flag AS comment_flag,product.flag AS flag,product.jump_url AS jump_url,product.delete_status AS delete_status,product.audit_status AS audit_status,product.user_id AS user_id,product.aid AS aid,category.name AS cate_name,category.ename AS ename,category.model_id AS model_id,category.status AS cate_status FROM gd_product product LEFT JOIN gd_category category ON product.cid = category.id WHERE product.delete_status = 0 AND product.cid IN (13) AND product.audit_status = 1 AND category.status < 2 ORDER BY product.point DESC,product.id DESC LIMIT 10   [ RunTime:0.0014s ]
SQL: SHOW COLUMNS FROM `gd_picture` [ RunTime:0.0010s ]
SQL: SELECT COUNT(*) AS tp_count FROM gd_picture picture LEFT JOIN gd_category category ON picture.cid = category.id WHERE picture.delete_status = 0 AND picture.cid IN (15) AND picture.audit_status = 1 AND category.status < 2 LIMIT 1   [ RunTime:0.0006s ]
SQL: SELECT picture.id AS id,picture.title AS title,picture.color AS color,picture.keywords AS keywords,picture.litpic AS litpic,picture.description AS description,picture.publish_time AS publish_time,picture.update_time AS update_time,picture.copyfrom AS copyfrom,picture.template AS template,picture.click AS click,picture.cid AS cid,picture.point AS point,picture.comment_flag AS comment_flag,picture.flag AS flag,picture.jump_url AS jump_url,picture.delete_status AS delete_status,picture.audit_status AS audit_status,picture.user_id AS user_id,picture.aid AS aid,category.name AS cate_name,category.ename AS ename,category.model_id AS model_id,category.status AS cate_status FROM gd_picture picture LEFT JOIN gd_category category ON picture.cid = category.id WHERE picture.delete_status = 0 AND picture.cid IN (15) AND picture.audit_status = 1 AND category.status < 2 ORDER BY picture.publish_time DESC LIMIT 0,3   [ RunTime:0.0002s ]
SQL: SELECT COUNT(*) AS tp_count FROM gd_picture picture LEFT JOIN gd_category category ON picture.cid = category.id WHERE picture.delete_status = 0 AND picture.cid IN (15) AND picture.audit_status = 1 AND category.status < 2 LIMIT 1   [ RunTime:0.0001s ]
SQL: SELECT picture.id AS id,picture.title AS title,picture.color AS color,picture.keywords AS keywords,picture.litpic AS litpic,picture.description AS description,picture.publish_time AS publish_time,picture.update_time AS update_time,picture.copyfrom AS copyfrom,picture.template AS template,picture.click AS click,picture.cid AS cid,picture.point AS point,picture.comment_flag AS comment_flag,picture.flag AS flag,picture.jump_url AS jump_url,picture.delete_status AS delete_status,picture.audit_status AS audit_status,picture.user_id AS user_id,picture.aid AS aid,category.name AS cate_name,category.ename AS ename,category.model_id AS model_id,category.status AS cate_status FROM gd_picture picture LEFT JOIN gd_category category ON picture.cid = category.id WHERE picture.delete_status = 0 AND picture.cid IN (15) AND picture.audit_status = 1 AND category.status < 2 ORDER BY picture.publish_time ASC LIMIT 0,3   [ RunTime:0.0002s ]
SQL: SELECT picture.id AS id,picture.title AS title,picture.color AS color,picture.keywords AS keywords,picture.litpic AS litpic,picture.description AS description,picture.publish_time AS publish_time,picture.update_time AS update_time,picture.copyfrom AS copyfrom,picture.template AS template,picture.click AS click,picture.cid AS cid,picture.point AS point,picture.comment_flag AS comment_flag,picture.flag AS flag,picture.jump_url AS jump_url,picture.delete_status AS delete_status,picture.audit_status AS audit_status,picture.user_id AS user_id,picture.aid AS aid,category.name AS cate_name,category.ename AS ename,category.model_id AS model_id,category.status AS cate_status FROM gd_picture picture LEFT JOIN gd_category category ON picture.cid = category.id WHERE picture.delete_status = 0 AND picture.cid IN (15) AND picture.audit_status = 1 AND category.status < 2 ORDER BY picture.point DESC,picture.id DESC LIMIT 10   [ RunTime:0.0002s ]
NOTIC: [8] Undefined variable: cid /www/wwwroot/gongdeyuan.com.cn/App/Runtime/Cache/Home/2e4beb93ad522d2e6e616c2879334b0f.php 第 291 行.
SQL: SHOW COLUMNS FROM `gd_article` [ RunTime:0.0009s ]
SQL: SELECT COUNT(*) AS tp_count FROM gd_article article LEFT JOIN gd_category category ON article.cid = category.id WHERE article.delete_status = 0 AND article.audit_status = 1 AND category.status < 2 LIMIT 1   [ RunTime:0.0013s ]
SQL: SELECT article.id AS id,article.title AS title,article.short_title AS short_title,article.color AS color,article.copyfrom AS copyfrom,article.author AS author,article.keywords AS keywords,article.litpic AS litpic,article.description AS description,article.publish_time AS publish_time,article.update_time AS update_time,article.click AS click,article.cid AS cid,article.point AS point,article.comment_flag AS comment_flag,article.flag AS flag,article.jump_url AS jump_url,article.delete_status AS delete_status,article.audit_status AS audit_status,article.user_id AS user_id,article.aid AS aid,category.name AS cate_name,category.ename AS ename,category.model_id AS model_id,category.status AS cate_status FROM gd_article article LEFT JOIN gd_category category ON article.cid = category.id WHERE article.delete_status = 0 AND article.audit_status = 1 AND category.status < 2 ORDER BY article.point DESC,article.id DESC LIMIT 0,3   [ RunTime:0.0002s ]
SQL: SHOW COLUMNS FROM `gd_link` [ RunTime:0.0008s ]
SQL: SELECT * FROM `gd_link` WHERE `id` > 0 ORDER BY sort ASC LIMIT 10   [ RunTime:0.0001s ]
INFO: Run Behavior\ParseTemplateBehavior [ RunTime:0.032303s ]
INFO: [ view_parse ] --END-- [ RunTime:0.032324s ]
INFO: [ view_filter ] --START--
INFO: Run Behavior\WriteHtmlCacheBehavior [ RunTime:0.000121s ]
INFO: [ view_filter ] --END-- [ RunTime:0.000136s ]
INFO: [ app_end ] --START--
INFO: Run Behavior\ShowPageTraceBehavior [ RunTime:0.000268s ]
INFO: [ app_end ] --END-- [ RunTime:0.000286s ]

[ 2020-10-10T08:39:19+08:00 ] 49.80.247.44 /index.php?s=/Show/index/cid/4/id/23.html
INFO: [ app_init ] --START--
INFO: Run Behavior\BuildLiteBehavior [ RunTime:0.000007s ]
INFO: [ app_init ] --END-- [ RunTime:0.000191s ]
INFO: [ app_begin ] --START--
INFO: Run Behavior\ReadHtmlCacheBehavior [ RunTime:0.000242s ]
INFO: [ app_begin ] --END-- [ RunTime:0.000271s ]
SQL: SHOW COLUMNS FROM `gd_category_access` [ RunTime:0.0010s ]
SQL: SELECT `role_id` FROM `gd_category_access` WHERE `cat_id` = 4 AND `flag` = 0 AND `action` = 'visit'  [ RunTime:0.0001s ]
SQL: SHOW COLUMNS FROM `gd_article` [ RunTime:0.0004s ]
SQL: SELECT * FROM `gd_article` WHERE `delete_status` = 0 AND `id` = 23 LIMIT 1   [ RunTime:0.0002s ]
INFO: [ view_parse ] --START--
INFO: [ template_filter ] --START--
INFO: Run Behavior\ContentReplaceBehavior [ RunTime:0.000080s ]
INFO: [ template_filter ] --END-- [ RunTime:0.000104s ]
SQL: SHOW COLUMNS FROM `gd_category` [ RunTime:0.0004s ]
SQL: SELECT article.id AS id,article.title AS title,article.short_title AS short_title,article.color AS color,article.copyfrom AS copyfrom,article.author AS author,article.keywords AS keywords,article.litpic AS litpic,article.content AS content,article.description AS description,article.publish_time AS publish_time,article.update_time AS update_time,article.click AS click,article.cid AS cid,article.point AS point,article.comment_flag AS comment_flag,article.flag AS flag,article.jump_url AS jump_url,article.delete_status AS delete_status,article.audit_status AS audit_status,article.user_id AS user_id,article.aid AS aid,category.name AS cate_name,category.ename AS ename,category.model_id AS model_id,category.status AS cate_status FROM gd_article article LEFT JOIN gd_category category ON article.cid = category.id WHERE article.delete_status = 0 AND article.cid = '4' AND article.id < '23' ORDER BY article.id desc LIMIT 1   [ RunTime:0.0002s ]
SQL: SELECT article.id AS id,article.title AS title,article.short_title AS short_title,article.color AS color,article.copyfrom AS copyfrom,article.author AS author,article.keywords AS keywords,article.litpic AS litpic,article.content AS content,article.description AS description,article.publish_time AS publish_time,article.update_time AS update_time,article.click AS click,article.cid AS cid,article.point AS point,article.comment_flag AS comment_flag,article.flag AS flag,article.jump_url AS jump_url,article.delete_status AS delete_status,article.audit_status AS audit_status,article.user_id AS user_id,article.aid AS aid,category.name AS cate_name,category.ename AS ename,category.model_id AS model_id,category.status AS cate_status FROM gd_article article LEFT JOIN gd_category category ON article.cid = category.id WHERE article.delete_status = 0 AND article.cid = '4' AND article.id > '23' ORDER BY article.id ASC LIMIT 1   [ RunTime:0.0002s ]
SQL: SHOW COLUMNS FROM `gd_link` [ RunTime:0.0003s ]
SQL: SELECT * FROM `gd_link` WHERE `id` > 0 ORDER BY sort ASC LIMIT 10   [ RunTime:0.0001s ]
INFO: Run Behavior\ParseTemplateBehavior [ RunTime:0.010435s ]
INFO: [ view_parse ] --END-- [ RunTime:0.010469s ]
INFO: [ view_filter ] --START--
INFO: Run Behavior\WriteHtmlCacheBehavior [ RunTime:0.000146s ]
INFO: [ view_filter ] --END-- [ RunTime:0.000165s ]
INFO: [ app_end ] --START--
INFO: Run Behavior\ShowPageTraceBehavior [ RunTime:0.000297s ]
INFO: [ app_end ] --END-- [ RunTime:0.000332s ]

